<?xml version="1.0" encoding="UTF-8"?>
<alr:test-suite xmlns:alr="urn:model.allure.qatools.yandex.ru" start="1611995385564" stop="1611995417693" version="1.4.0">
  <name>api</name>
  <test-cases>
    <test-case start="1611995385576" stop="1611995386150" status="failed">
      <name>ByPositiveTest with data set #0</name>
      <title><![CDATA[Test link title]]></title>
      <description type="text"><![CDATA[Test link test desc]]></description>
      <failure>
        <message>`order_id: 'testorder222'` is of type `integer`</message>
        <stack-trace>#0 /Users/garistov/PhpstormProjects/untitled1/vendor/phpunit/phpunit/src/Framework/Constraint/Constraint.php(46): Codeception\PHPUnit\Constraint\JsonType-&gt;matches(Array)
#1 /Users/garistov/PhpstormProjects/untitled1/vendor/phpunit/phpunit/src/Framework/Assert.php(2344): PHPUnit\Framework\Constraint\Constraint-&gt;evaluate(Object(Codeception\Util\JsonArray), '')
#2 /Users/garistov/PhpstormProjects/untitled1/vendor/codeception/module-rest/src/Codeception/Module/REST.php(1232): PHPUnit\Framework\Assert::assertThat(Object(Codeception\Util\JsonArray), Object(Codeception\PHPUnit\Constraint\JsonType))
#3 [internal function]: Codeception\Module\REST-&gt;seeResponseMatchesJsonType(Array)
#4 /Users/garistov/PhpstormProjects/untitled1/vendor/codeception/codeception/src/Codeception/Step.php(268): call_user_func_array(Array, Array)
#5 /Users/garistov/PhpstormProjects/untitled1/vendor/codeception/codeception/src/Codeception/Scenario.php(76): Codeception\Step-&gt;run(Object(Codeception\Lib\ModuleContainer))
#6 /Users/garistov/PhpstormProjects/untitled1/tests/_support/_generated/ApiTesterActions.php(1131): Codeception\Scenario-&gt;runStep(Object(Codeception\Step\Assertion))
#7 /Users/garistov/PhpstormProjects/untitled1/tests/api/UsersTestCest.php(80): ApiTester-&gt;seeResponseMatchesJsonType(Array)
#8 [internal function]: UsersTestCest-&gt;ByPositiveTest(Object(ApiTester), Object(Codeception\Example))
#9 /Users/garistov/PhpstormProjects/untitled1/vendor/codeception/codeception/src/Codeception/Lib/Di.php(128): ReflectionMethod-&gt;invokeArgs(Object(UsersTestCest), Array)
#10 /Users/garistov/PhpstormProjects/untitled1/vendor/codeception/codeception/src/Codeception/Test/Cest.php(138): Codeception\Lib\Di-&gt;injectDependencies(Object(UsersTestCest), 'ByPositiveTest', Array)
#11 /Users/garistov/PhpstormProjects/untitled1/vendor/codeception/codeception/src/Codeception/Test/Cest.php(147): Codeception\Test\Cest-&gt;invoke('ByPositiveTest', Array)
#12 /Users/garistov/PhpstormProjects/untitled1/vendor/codeception/codeception/src/Codeception/Test/Cest.php(82): Codeception\Test\Cest-&gt;executeTestMethod(Object(ApiTester))
#13 /Users/garistov/PhpstormProjects/untitled1/vendor/codeception/codeception/src/Codeception/Test/Test.php(98): Codeception\Test\Cest-&gt;test()
#14 /Users/garistov/PhpstormProjects/untitled1/vendor/phpunit/phpunit/src/Framework/TestSuite.php(677): Codeception\Test\Test-&gt;run(Object(PHPUnit\Framework\TestResult))
#15 /Users/garistov/PhpstormProjects/untitled1/vendor/codeception/phpunit-wrapper/src/Runner.php(117): PHPUnit\Framework\TestSuite-&gt;run(Object(PHPUnit\Framework\TestResult))
#16 /Users/garistov/PhpstormProjects/untitled1/vendor/codeception/codeception/src/Codeception/SuiteManager.php(161): Codeception\PHPUnit\Runner-&gt;doEnhancedRun(Object(Codeception\Suite), Object(PHPUnit\Framework\TestResult), Array)
#17 /Users/garistov/PhpstormProjects/untitled1/vendor/codeception/codeception/src/Codeception/Codecept.php(208): Codeception\SuiteManager-&gt;run(Object(Codeception\PHPUnit\Runner), Object(PHPUnit\Framework\TestResult), Array)
#18 /Users/garistov/PhpstormProjects/untitled1/vendor/codeception/codeception/src/Codeception/Codecept.php(162): Codeception\Codecept-&gt;runSuite(Array, 'api', NULL)
#19 /Users/garistov/PhpstormProjects/untitled1/vendor/codeception/codeception/src/Codeception/Command/Run.php(531): Codeception\Codecept-&gt;run('api')
#20 /Users/garistov/PhpstormProjects/untitled1/vendor/codeception/codeception/src/Codeception/Command/Run.php(407): Codeception\Command\Run-&gt;runSuites(Array, Array)
#21 /Users/garistov/PhpstormProjects/untitled1/vendor/symfony/console/Command/Command.php(256): Codeception\Command\Run-&gt;execute(Object(Symfony\Component\Console\Input\ArgvInput), Object(Symfony\Component\Console\Output\ConsoleOutput))
#22 /Users/garistov/PhpstormProjects/untitled1/vendor/symfony/console/Application.php(971): Symfony\Component\Console\Command\Command-&gt;run(Object(Symfony\Component\Console\Input\ArgvInput), Object(Symfony\Component\Console\Output\ConsoleOutput))
#23 /Users/garistov/PhpstormProjects/untitled1/vendor/symfony/console/Application.php(290): Symfony\Component\Console\Application-&gt;doRunCommand(Object(Codeception\Command\Run), Object(Symfony\Component\Console\Input\ArgvInput), Object(Symfony\Component\Console\Output\ConsoleOutput))
#24 /Users/garistov/PhpstormProjects/untitled1/vendor/symfony/console/Application.php(166): Symfony\Component\Console\Application-&gt;doRun(Object(Symfony\Component\Console\Input\ArgvInput), Object(Symfony\Component\Console\Output\ConsoleOutput))
#25 /Users/garistov/PhpstormProjects/untitled1/vendor/codeception/codeception/src/Codeception/Application.php(117): Symfony\Component\Console\Application-&gt;run(Object(Symfony\Component\Console\Input\ArgvInput), Object(Symfony\Component\Console\Output\ConsoleOutput))
#26 /Users/garistov/PhpstormProjects/untitled1/vendor/codeception/codeception/app.php(46): Codeception\Application-&gt;run()
#27 /Users/garistov/PhpstormProjects/untitled1/vendor/codeception/codeception/app.php(47): {closure}()
#28 /Users/garistov/PhpstormProjects/untitled1/vendor/codeception/codeception/codecept(7): require('/Users/garistov...')
#29 {main}</stack-trace>
      </failure>
      <steps>
        <step start="1611995385580" stop="1611995385581" status="passed">
          <name><![CDATA[have http header "secret","QWERTY000097531KEY"]]></name>
        </step>
        <step start="1611995385581" stop="1611995385581" status="passed">
          <name><![CDATA[have http header "Content-Type","application/json"]]></name>
        </step>
        <step start="1611995385581" stop="1611995386046" status="passed">
          <name><![CDATA[send post "/",{"amount":333,"currency":"RUB","order_id":"testorder222","type_order":1,"day":"24-12-2021","buyer_first_name":"rion","buyer_last_name":"basov","comment":"buy something","phone":89996651212,"em...}]]></name>
        </step>
        <step start="1611995386048" stop="1611995386052" status="passed">
          <name><![CDATA[see response code is 200]]></name>
        </step>
        <step start="1611995386052" stop="1611995386085" status="passed">
          <name><![CDATA[see response is json ]]></name>
        </step>
        <step start="1611995386085" stop="1611995386085" status="passed">
          <name><![CDATA[check operation status success 0]]></name>
        </step>
        <step start="1611995386085" stop="1611995386095" status="failed">
          <name><![CDATA[see response matches json type {"payment_id":"string","order_id":"integer","resp_code":"integer","check":"string","notification":"boolean"}]]></name>
        </step>
      </steps>
      <attachments>
        <attachment title="body" source="46ebb638f2396cb602e33b3abe698145edcadd3b-attachment.txt" type="text/plain"/>
        <attachment title="html" source="46ebb638f2396cb602e33b3abe698145edcadd3b-attachment.txt" type="text/plain"/>
        <attachment title="response" source="46ebb638f2396cb602e33b3abe698145edcadd3b-attachment.txt" type="text/plain"/>
      </attachments>
      <labels>
        <label name="testMethod" value="ByPositiveTest"/>
        <label name="testClass" value="UsersTestCest"/>
        <label name="AS_ID" value="123"/>
        <label name="testId" value="23"/>
        <label name="feature" value="First Feature"/>
        <label name="story" value="First Story"/>
      </labels>
      <parameters>
        <parameter name="resp_code" value="0" kind="argument"/>
        <parameter name="data" value="{&quot;amount&quot;:333,&quot;currency&quot;:&quot;RUB&quot;,&quot;order_id&quot;:&quot;testorder222&quot;,&quot;type_order&quot;:1,&quot;day&quot;:&quot;24-12-2021&quot;,&quot;buyer_first_name&quot;:&quot;rion&quot;,&quot;buyer_last_name&quot;:&quot;basov&quot;,&quot;comment&quot;:&quot;buy something&quot;,&quot;phone&quot;:89996651212,&quot;email&quot;:&quot;davert@codeception.com&quot;,&quot;notification&quot;:true,&quot;address&quot;:&quot;Lativa&quot;}" kind="argument"/>
      </parameters>
    </test-case>
    <test-case start="1611995386150" stop="1611995386389" status="failed">
      <name>ByPositiveTest with data set #1</name>
      <title><![CDATA[Test link title]]></title>
      <description type="text"><![CDATA[Test link test desc]]></description>
      <failure>
        <message>`resp_code: '111'` is of type `integer`</message>
        <stack-trace>#0 /Users/garistov/PhpstormProjects/untitled1/vendor/phpunit/phpunit/src/Framework/Constraint/Constraint.php(46): Codeception\PHPUnit\Constraint\JsonType-&gt;matches(Array)
#1 /Users/garistov/PhpstormProjects/untitled1/vendor/phpunit/phpunit/src/Framework/Assert.php(2344): PHPUnit\Framework\Constraint\Constraint-&gt;evaluate(Object(Codeception\Util\JsonArray), '')
#2 /Users/garistov/PhpstormProjects/untitled1/vendor/codeception/module-rest/src/Codeception/Module/REST.php(1232): PHPUnit\Framework\Assert::assertThat(Object(Codeception\Util\JsonArray), Object(Codeception\PHPUnit\Constraint\JsonType))
#3 [internal function]: Codeception\Module\REST-&gt;seeResponseMatchesJsonType(Array)
#4 /Users/garistov/PhpstormProjects/untitled1/vendor/codeception/codeception/src/Codeception/Step.php(268): call_user_func_array(Array, Array)
#5 /Users/garistov/PhpstormProjects/untitled1/vendor/codeception/codeception/src/Codeception/Scenario.php(76): Codeception\Step-&gt;run(Object(Codeception\Lib\ModuleContainer))
#6 /Users/garistov/PhpstormProjects/untitled1/tests/_support/_generated/ApiTesterActions.php(1131): Codeception\Scenario-&gt;runStep(Object(Codeception\Step\Assertion))
#7 /Users/garistov/PhpstormProjects/untitled1/tests/api/UsersTestCest.php(91): ApiTester-&gt;seeResponseMatchesJsonType(Array)
#8 [internal function]: UsersTestCest-&gt;ByPositiveTest(Object(ApiTester), Object(Codeception\Example))
#9 /Users/garistov/PhpstormProjects/untitled1/vendor/codeception/codeception/src/Codeception/Lib/Di.php(128): ReflectionMethod-&gt;invokeArgs(Object(UsersTestCest), Array)
#10 /Users/garistov/PhpstormProjects/untitled1/vendor/codeception/codeception/src/Codeception/Test/Cest.php(138): Codeception\Lib\Di-&gt;injectDependencies(Object(UsersTestCest), 'ByPositiveTest', Array)
#11 /Users/garistov/PhpstormProjects/untitled1/vendor/codeception/codeception/src/Codeception/Test/Cest.php(147): Codeception\Test\Cest-&gt;invoke('ByPositiveTest', Array)
#12 /Users/garistov/PhpstormProjects/untitled1/vendor/codeception/codeception/src/Codeception/Test/Cest.php(82): Codeception\Test\Cest-&gt;executeTestMethod(Object(ApiTester))
#13 /Users/garistov/PhpstormProjects/untitled1/vendor/codeception/codeception/src/Codeception/Test/Test.php(98): Codeception\Test\Cest-&gt;test()
#14 /Users/garistov/PhpstormProjects/untitled1/vendor/phpunit/phpunit/src/Framework/TestSuite.php(677): Codeception\Test\Test-&gt;run(Object(PHPUnit\Framework\TestResult))
#15 /Users/garistov/PhpstormProjects/untitled1/vendor/codeception/phpunit-wrapper/src/Runner.php(117): PHPUnit\Framework\TestSuite-&gt;run(Object(PHPUnit\Framework\TestResult))
#16 /Users/garistov/PhpstormProjects/untitled1/vendor/codeception/codeception/src/Codeception/SuiteManager.php(161): Codeception\PHPUnit\Runner-&gt;doEnhancedRun(Object(Codeception\Suite), Object(PHPUnit\Framework\TestResult), Array)
#17 /Users/garistov/PhpstormProjects/untitled1/vendor/codeception/codeception/src/Codeception/Codecept.php(208): Codeception\SuiteManager-&gt;run(Object(Codeception\PHPUnit\Runner), Object(PHPUnit\Framework\TestResult), Array)
#18 /Users/garistov/PhpstormProjects/untitled1/vendor/codeception/codeception/src/Codeception/Codecept.php(162): Codeception\Codecept-&gt;runSuite(Array, 'api', NULL)
#19 /Users/garistov/PhpstormProjects/untitled1/vendor/codeception/codeception/src/Codeception/Command/Run.php(531): Codeception\Codecept-&gt;run('api')
#20 /Users/garistov/PhpstormProjects/untitled1/vendor/codeception/codeception/src/Codeception/Command/Run.php(407): Codeception\Command\Run-&gt;runSuites(Array, Array)
#21 /Users/garistov/PhpstormProjects/untitled1/vendor/symfony/console/Command/Command.php(256): Codeception\Command\Run-&gt;execute(Object(Symfony\Component\Console\Input\ArgvInput), Object(Symfony\Component\Console\Output\ConsoleOutput))
#22 /Users/garistov/PhpstormProjects/untitled1/vendor/symfony/console/Application.php(971): Symfony\Component\Console\Command\Command-&gt;run(Object(Symfony\Component\Console\Input\ArgvInput), Object(Symfony\Component\Console\Output\ConsoleOutput))
#23 /Users/garistov/PhpstormProjects/untitled1/vendor/symfony/console/Application.php(290): Symfony\Component\Console\Application-&gt;doRunCommand(Object(Codeception\Command\Run), Object(Symfony\Component\Console\Input\ArgvInput), Object(Symfony\Component\Console\Output\ConsoleOutput))
#24 /Users/garistov/PhpstormProjects/untitled1/vendor/symfony/console/Application.php(166): Symfony\Component\Console\Application-&gt;doRun(Object(Symfony\Component\Console\Input\ArgvInput), Object(Symfony\Component\Console\Output\ConsoleOutput))
#25 /Users/garistov/PhpstormProjects/untitled1/vendor/codeception/codeception/src/Codeception/Application.php(117): Symfony\Component\Console\Application-&gt;run(Object(Symfony\Component\Console\Input\ArgvInput), Object(Symfony\Component\Console\Output\ConsoleOutput))
#26 /Users/garistov/PhpstormProjects/untitled1/vendor/codeception/codeception/app.php(46): Codeception\Application-&gt;run()
#27 /Users/garistov/PhpstormProjects/untitled1/vendor/codeception/codeception/app.php(47): {closure}()
#28 /Users/garistov/PhpstormProjects/untitled1/vendor/codeception/codeception/codecept(7): require('/Users/garistov...')
#29 {main}</stack-trace>
      </failure>
      <steps>
        <step start="1611995386153" stop="1611995386153" status="passed">
          <name><![CDATA[have http header "secret","QWERTY000097531KEY"]]></name>
        </step>
        <step start="1611995386154" stop="1611995386154" status="passed">
          <name><![CDATA[have http header "Content-Type","application/json"]]></name>
        </step>
        <step start="1611995386154" stop="1611995386375" status="passed">
          <name><![CDATA[send post "/",{"amount":"333","currency":"RUB","order_id":"testorder222","type_order":"1","day":"24-12-2021","buyer_first_name":"rion","buyer_last_name":"basov","comment":"buy something","phone":89996651212...}]]></name>
        </step>
        <step start="1611995386376" stop="1611995386376" status="passed">
          <name><![CDATA[see response code is 200]]></name>
        </step>
        <step start="1611995386376" stop="1611995386376" status="passed">
          <name><![CDATA[see response is json ]]></name>
        </step>
        <step start="1611995386376" stop="1611995386377" status="passed">
          <name><![CDATA[check operation status success 111]]></name>
        </step>
        <step start="1611995386377" stop="1611995386377" status="failed">
          <name><![CDATA[see response matches json type {"resp_code":"integer","message":"string"}]]></name>
        </step>
      </steps>
      <attachments>
        <attachment title="body" source="04b3408c3a3a8236bdda0b8fa5a62d3531852558-attachment.txt" type="text/plain"/>
        <attachment title="html" source="04b3408c3a3a8236bdda0b8fa5a62d3531852558-attachment.txt" type="text/plain"/>
        <attachment title="response" source="04b3408c3a3a8236bdda0b8fa5a62d3531852558-attachment.txt" type="text/plain"/>
      </attachments>
      <labels>
        <label name="testMethod" value="ByPositiveTest"/>
        <label name="testClass" value="UsersTestCest"/>
        <label name="AS_ID" value="123"/>
        <label name="testId" value="23"/>
        <label name="feature" value="First Feature"/>
        <label name="story" value="First Story"/>
      </labels>
      <parameters>
        <parameter name="resp_code" value="111" kind="argument"/>
        <parameter name="data" value="{&quot;amount&quot;:&quot;333&quot;,&quot;currency&quot;:&quot;RUB&quot;,&quot;order_id&quot;:&quot;testorder222&quot;,&quot;type_order&quot;:&quot;1&quot;,&quot;day&quot;:&quot;24-12-2021&quot;,&quot;buyer_first_name&quot;:&quot;rion&quot;,&quot;buyer_last_name&quot;:&quot;basov&quot;,&quot;comment&quot;:&quot;buy something&quot;,&quot;phone&quot;:89996651212,&quot;email&quot;:&quot;davert@codeception.com&quot;,&quot;notification&quot;:true,&quot;address&quot;:&quot;Lativa&quot;}" kind="argument"/>
      </parameters>
    </test-case>
    <test-case start="1611995386389" stop="1611995386625" status="failed">
      <name>ByPositiveTest with data set #2</name>
      <title><![CDATA[Test link title]]></title>
      <description type="text"><![CDATA[Test link test desc]]></description>
      <failure>
        <message>`resp_code: '222'` is of type `integer`</message>
        <stack-trace>#0 /Users/garistov/PhpstormProjects/untitled1/vendor/phpunit/phpunit/src/Framework/Constraint/Constraint.php(46): Codeception\PHPUnit\Constraint\JsonType-&gt;matches(Array)
#1 /Users/garistov/PhpstormProjects/untitled1/vendor/phpunit/phpunit/src/Framework/Assert.php(2344): PHPUnit\Framework\Constraint\Constraint-&gt;evaluate(Object(Codeception\Util\JsonArray), '')
#2 /Users/garistov/PhpstormProjects/untitled1/vendor/codeception/module-rest/src/Codeception/Module/REST.php(1232): PHPUnit\Framework\Assert::assertThat(Object(Codeception\Util\JsonArray), Object(Codeception\PHPUnit\Constraint\JsonType))
#3 [internal function]: Codeception\Module\REST-&gt;seeResponseMatchesJsonType(Array)
#4 /Users/garistov/PhpstormProjects/untitled1/vendor/codeception/codeception/src/Codeception/Step.php(268): call_user_func_array(Array, Array)
#5 /Users/garistov/PhpstormProjects/untitled1/vendor/codeception/codeception/src/Codeception/Scenario.php(76): Codeception\Step-&gt;run(Object(Codeception\Lib\ModuleContainer))
#6 /Users/garistov/PhpstormProjects/untitled1/tests/_support/_generated/ApiTesterActions.php(1131): Codeception\Scenario-&gt;runStep(Object(Codeception\Step\Assertion))
#7 /Users/garistov/PhpstormProjects/untitled1/tests/api/UsersTestCest.php(91): ApiTester-&gt;seeResponseMatchesJsonType(Array)
#8 [internal function]: UsersTestCest-&gt;ByPositiveTest(Object(ApiTester), Object(Codeception\Example))
#9 /Users/garistov/PhpstormProjects/untitled1/vendor/codeception/codeception/src/Codeception/Lib/Di.php(128): ReflectionMethod-&gt;invokeArgs(Object(UsersTestCest), Array)
#10 /Users/garistov/PhpstormProjects/untitled1/vendor/codeception/codeception/src/Codeception/Test/Cest.php(138): Codeception\Lib\Di-&gt;injectDependencies(Object(UsersTestCest), 'ByPositiveTest', Array)
#11 /Users/garistov/PhpstormProjects/untitled1/vendor/codeception/codeception/src/Codeception/Test/Cest.php(147): Codeception\Test\Cest-&gt;invoke('ByPositiveTest', Array)
#12 /Users/garistov/PhpstormProjects/untitled1/vendor/codeception/codeception/src/Codeception/Test/Cest.php(82): Codeception\Test\Cest-&gt;executeTestMethod(Object(ApiTester))
#13 /Users/garistov/PhpstormProjects/untitled1/vendor/codeception/codeception/src/Codeception/Test/Test.php(98): Codeception\Test\Cest-&gt;test()
#14 /Users/garistov/PhpstormProjects/untitled1/vendor/phpunit/phpunit/src/Framework/TestSuite.php(677): Codeception\Test\Test-&gt;run(Object(PHPUnit\Framework\TestResult))
#15 /Users/garistov/PhpstormProjects/untitled1/vendor/codeception/phpunit-wrapper/src/Runner.php(117): PHPUnit\Framework\TestSuite-&gt;run(Object(PHPUnit\Framework\TestResult))
#16 /Users/garistov/PhpstormProjects/untitled1/vendor/codeception/codeception/src/Codeception/SuiteManager.php(161): Codeception\PHPUnit\Runner-&gt;doEnhancedRun(Object(Codeception\Suite), Object(PHPUnit\Framework\TestResult), Array)
#17 /Users/garistov/PhpstormProjects/untitled1/vendor/codeception/codeception/src/Codeception/Codecept.php(208): Codeception\SuiteManager-&gt;run(Object(Codeception\PHPUnit\Runner), Object(PHPUnit\Framework\TestResult), Array)
#18 /Users/garistov/PhpstormProjects/untitled1/vendor/codeception/codeception/src/Codeception/Codecept.php(162): Codeception\Codecept-&gt;runSuite(Array, 'api', NULL)
#19 /Users/garistov/PhpstormProjects/untitled1/vendor/codeception/codeception/src/Codeception/Command/Run.php(531): Codeception\Codecept-&gt;run('api')
#20 /Users/garistov/PhpstormProjects/untitled1/vendor/codeception/codeception/src/Codeception/Command/Run.php(407): Codeception\Command\Run-&gt;runSuites(Array, Array)
#21 /Users/garistov/PhpstormProjects/untitled1/vendor/symfony/console/Command/Command.php(256): Codeception\Command\Run-&gt;execute(Object(Symfony\Component\Console\Input\ArgvInput), Object(Symfony\Component\Console\Output\ConsoleOutput))
#22 /Users/garistov/PhpstormProjects/untitled1/vendor/symfony/console/Application.php(971): Symfony\Component\Console\Command\Command-&gt;run(Object(Symfony\Component\Console\Input\ArgvInput), Object(Symfony\Component\Console\Output\ConsoleOutput))
#23 /Users/garistov/PhpstormProjects/untitled1/vendor/symfony/console/Application.php(290): Symfony\Component\Console\Application-&gt;doRunCommand(Object(Codeception\Command\Run), Object(Symfony\Component\Console\Input\ArgvInput), Object(Symfony\Component\Console\Output\ConsoleOutput))
#24 /Users/garistov/PhpstormProjects/untitled1/vendor/symfony/console/Application.php(166): Symfony\Component\Console\Application-&gt;doRun(Object(Symfony\Component\Console\Input\ArgvInput), Object(Symfony\Component\Console\Output\ConsoleOutput))
#25 /Users/garistov/PhpstormProjects/untitled1/vendor/codeception/codeception/src/Codeception/Application.php(117): Symfony\Component\Console\Application-&gt;run(Object(Symfony\Component\Console\Input\ArgvInput), Object(Symfony\Component\Console\Output\ConsoleOutput))
#26 /Users/garistov/PhpstormProjects/untitled1/vendor/codeception/codeception/app.php(46): Codeception\Application-&gt;run()
#27 /Users/garistov/PhpstormProjects/untitled1/vendor/codeception/codeception/app.php(47): {closure}()
#28 /Users/garistov/PhpstormProjects/untitled1/vendor/codeception/codeception/codecept(7): require('/Users/garistov...')
#29 {main}</stack-trace>
      </failure>
      <steps>
        <step start="1611995386393" stop="1611995386393" status="passed">
          <name><![CDATA[have http header "secret","QWERTY000097531KEY"]]></name>
        </step>
        <step start="1611995386393" stop="1611995386393" status="passed">
          <name><![CDATA[have http header "Content-Type","application/json"]]></name>
        </step>
        <step start="1611995386393" stop="1611995386614" status="passed">
          <name><![CDATA[send post "/",{"amount":333,"currency":"RUB","order_id":"testorder222","type_order":1,"day":"24-12-2021","buyer_first_name":"rion","buyer_last_name":"basov","comment":"buy something","phone":89996651212,"em...}]]></name>
        </step>
        <step start="1611995386614" stop="1611995386614" status="passed">
          <name><![CDATA[see response code is 200]]></name>
        </step>
        <step start="1611995386614" stop="1611995386614" status="passed">
          <name><![CDATA[see response is json ]]></name>
        </step>
        <step start="1611995386614" stop="1611995386614" status="passed">
          <name><![CDATA[check operation status success 222]]></name>
        </step>
        <step start="1611995386615" stop="1611995386615" status="failed">
          <name><![CDATA[see response matches json type {"resp_code":"integer","message":"string"}]]></name>
        </step>
      </steps>
      <attachments>
        <attachment title="body" source="83264b5a600f3ce1473c2fc4463ca2bbdddd03c9-attachment.txt" type="text/plain"/>
        <attachment title="html" source="83264b5a600f3ce1473c2fc4463ca2bbdddd03c9-attachment.txt" type="text/plain"/>
        <attachment title="response" source="83264b5a600f3ce1473c2fc4463ca2bbdddd03c9-attachment.txt" type="text/plain"/>
      </attachments>
      <labels>
        <label name="testMethod" value="ByPositiveTest"/>
        <label name="testClass" value="UsersTestCest"/>
        <label name="AS_ID" value="123"/>
        <label name="testId" value="23"/>
        <label name="feature" value="First Feature"/>
        <label name="story" value="First Story"/>
      </labels>
      <parameters>
        <parameter name="resp_code" value="222" kind="argument"/>
        <parameter name="data" value="{&quot;amount&quot;:333,&quot;currency&quot;:&quot;RUB&quot;,&quot;order_id&quot;:&quot;testorder222&quot;,&quot;type_order&quot;:1,&quot;day&quot;:&quot;24-12-2021&quot;,&quot;buyer_first_name&quot;:&quot;rion&quot;,&quot;buyer_last_name&quot;:&quot;basov&quot;,&quot;comment&quot;:&quot;buy something&quot;,&quot;phone&quot;:89996651212,&quot;email&quot;:&quot;davert@codeception.com&quot;,&quot;notification&quot;:true}" kind="argument"/>
      </parameters>
    </test-case>
    <test-case start="1611995386626" stop="1611995386872" status="failed">
      <name>ByPositiveTest with data set #3</name>
      <title><![CDATA[Test link title]]></title>
      <description type="text"><![CDATA[Test link test desc]]></description>
      <failure>
        <message>`resp_code: '333'` is of type `integer`</message>
        <stack-trace>#0 /Users/garistov/PhpstormProjects/untitled1/vendor/phpunit/phpunit/src/Framework/Constraint/Constraint.php(46): Codeception\PHPUnit\Constraint\JsonType-&gt;matches(Array)
#1 /Users/garistov/PhpstormProjects/untitled1/vendor/phpunit/phpunit/src/Framework/Assert.php(2344): PHPUnit\Framework\Constraint\Constraint-&gt;evaluate(Object(Codeception\Util\JsonArray), '')
#2 /Users/garistov/PhpstormProjects/untitled1/vendor/codeception/module-rest/src/Codeception/Module/REST.php(1232): PHPUnit\Framework\Assert::assertThat(Object(Codeception\Util\JsonArray), Object(Codeception\PHPUnit\Constraint\JsonType))
#3 [internal function]: Codeception\Module\REST-&gt;seeResponseMatchesJsonType(Array)
#4 /Users/garistov/PhpstormProjects/untitled1/vendor/codeception/codeception/src/Codeception/Step.php(268): call_user_func_array(Array, Array)
#5 /Users/garistov/PhpstormProjects/untitled1/vendor/codeception/codeception/src/Codeception/Scenario.php(76): Codeception\Step-&gt;run(Object(Codeception\Lib\ModuleContainer))
#6 /Users/garistov/PhpstormProjects/untitled1/tests/_support/_generated/ApiTesterActions.php(1131): Codeception\Scenario-&gt;runStep(Object(Codeception\Step\Assertion))
#7 /Users/garistov/PhpstormProjects/untitled1/tests/api/UsersTestCest.php(91): ApiTester-&gt;seeResponseMatchesJsonType(Array)
#8 [internal function]: UsersTestCest-&gt;ByPositiveTest(Object(ApiTester), Object(Codeception\Example))
#9 /Users/garistov/PhpstormProjects/untitled1/vendor/codeception/codeception/src/Codeception/Lib/Di.php(128): ReflectionMethod-&gt;invokeArgs(Object(UsersTestCest), Array)
#10 /Users/garistov/PhpstormProjects/untitled1/vendor/codeception/codeception/src/Codeception/Test/Cest.php(138): Codeception\Lib\Di-&gt;injectDependencies(Object(UsersTestCest), 'ByPositiveTest', Array)
#11 /Users/garistov/PhpstormProjects/untitled1/vendor/codeception/codeception/src/Codeception/Test/Cest.php(147): Codeception\Test\Cest-&gt;invoke('ByPositiveTest', Array)
#12 /Users/garistov/PhpstormProjects/untitled1/vendor/codeception/codeception/src/Codeception/Test/Cest.php(82): Codeception\Test\Cest-&gt;executeTestMethod(Object(ApiTester))
#13 /Users/garistov/PhpstormProjects/untitled1/vendor/codeception/codeception/src/Codeception/Test/Test.php(98): Codeception\Test\Cest-&gt;test()
#14 /Users/garistov/PhpstormProjects/untitled1/vendor/phpunit/phpunit/src/Framework/TestSuite.php(677): Codeception\Test\Test-&gt;run(Object(PHPUnit\Framework\TestResult))
#15 /Users/garistov/PhpstormProjects/untitled1/vendor/codeception/phpunit-wrapper/src/Runner.php(117): PHPUnit\Framework\TestSuite-&gt;run(Object(PHPUnit\Framework\TestResult))
#16 /Users/garistov/PhpstormProjects/untitled1/vendor/codeception/codeception/src/Codeception/SuiteManager.php(161): Codeception\PHPUnit\Runner-&gt;doEnhancedRun(Object(Codeception\Suite), Object(PHPUnit\Framework\TestResult), Array)
#17 /Users/garistov/PhpstormProjects/untitled1/vendor/codeception/codeception/src/Codeception/Codecept.php(208): Codeception\SuiteManager-&gt;run(Object(Codeception\PHPUnit\Runner), Object(PHPUnit\Framework\TestResult), Array)
#18 /Users/garistov/PhpstormProjects/untitled1/vendor/codeception/codeception/src/Codeception/Codecept.php(162): Codeception\Codecept-&gt;runSuite(Array, 'api', NULL)
#19 /Users/garistov/PhpstormProjects/untitled1/vendor/codeception/codeception/src/Codeception/Command/Run.php(531): Codeception\Codecept-&gt;run('api')
#20 /Users/garistov/PhpstormProjects/untitled1/vendor/codeception/codeception/src/Codeception/Command/Run.php(407): Codeception\Command\Run-&gt;runSuites(Array, Array)
#21 /Users/garistov/PhpstormProjects/untitled1/vendor/symfony/console/Command/Command.php(256): Codeception\Command\Run-&gt;execute(Object(Symfony\Component\Console\Input\ArgvInput), Object(Symfony\Component\Console\Output\ConsoleOutput))
#22 /Users/garistov/PhpstormProjects/untitled1/vendor/symfony/console/Application.php(971): Symfony\Component\Console\Command\Command-&gt;run(Object(Symfony\Component\Console\Input\ArgvInput), Object(Symfony\Component\Console\Output\ConsoleOutput))
#23 /Users/garistov/PhpstormProjects/untitled1/vendor/symfony/console/Application.php(290): Symfony\Component\Console\Application-&gt;doRunCommand(Object(Codeception\Command\Run), Object(Symfony\Component\Console\Input\ArgvInput), Object(Symfony\Component\Console\Output\ConsoleOutput))
#24 /Users/garistov/PhpstormProjects/untitled1/vendor/symfony/console/Application.php(166): Symfony\Component\Console\Application-&gt;doRun(Object(Symfony\Component\Console\Input\ArgvInput), Object(Symfony\Component\Console\Output\ConsoleOutput))
#25 /Users/garistov/PhpstormProjects/untitled1/vendor/codeception/codeception/src/Codeception/Application.php(117): Symfony\Component\Console\Application-&gt;run(Object(Symfony\Component\Console\Input\ArgvInput), Object(Symfony\Component\Console\Output\ConsoleOutput))
#26 /Users/garistov/PhpstormProjects/untitled1/vendor/codeception/codeception/app.php(46): Codeception\Application-&gt;run()
#27 /Users/garistov/PhpstormProjects/untitled1/vendor/codeception/codeception/app.php(47): {closure}()
#28 /Users/garistov/PhpstormProjects/untitled1/vendor/codeception/codeception/codecept(7): require('/Users/garistov...')
#29 {main}</stack-trace>
      </failure>
      <steps>
        <step start="1611995386634" stop="1611995386635" status="passed">
          <name><![CDATA[have http header "secret","QWERTY000097531KEY"]]></name>
        </step>
        <step start="1611995386635" stop="1611995386635" status="passed">
          <name><![CDATA[have http header "Content-Type","application/json"]]></name>
        </step>
        <step start="1611995386635" stop="1611995386861" status="passed">
          <name><![CDATA[send post "/",{"amount":3.333333333333333e+20,"currency":"RUB","order_id":"testorder222","type_order":1,"day":"24-12-2021","buyer_first_name":"rion","buyer_last_name":"basov","comment":"buy something","phon...}]]></name>
        </step>
        <step start="1611995386862" stop="1611995386862" status="passed">
          <name><![CDATA[see response code is 200]]></name>
        </step>
        <step start="1611995386862" stop="1611995386862" status="passed">
          <name><![CDATA[see response is json ]]></name>
        </step>
        <step start="1611995386862" stop="1611995386862" status="passed">
          <name><![CDATA[check operation status success 333]]></name>
        </step>
        <step start="1611995386862" stop="1611995386862" status="failed">
          <name><![CDATA[see response matches json type {"resp_code":"integer","message":"string"}]]></name>
        </step>
      </steps>
      <attachments>
        <attachment title="body" source="36ed15bb92d9bc41d1d49a716aa7b5f74a57bd17-attachment.txt" type="text/plain"/>
        <attachment title="html" source="36ed15bb92d9bc41d1d49a716aa7b5f74a57bd17-attachment.txt" type="text/plain"/>
        <attachment title="response" source="36ed15bb92d9bc41d1d49a716aa7b5f74a57bd17-attachment.txt" type="text/plain"/>
      </attachments>
      <labels>
        <label name="testMethod" value="ByPositiveTest"/>
        <label name="testClass" value="UsersTestCest"/>
        <label name="AS_ID" value="123"/>
        <label name="testId" value="23"/>
        <label name="feature" value="First Feature"/>
        <label name="story" value="First Story"/>
      </labels>
      <parameters>
        <parameter name="resp_code" value="333" kind="argument"/>
        <parameter name="data" value="{&quot;amount&quot;:3.333333333333333e+20,&quot;currency&quot;:&quot;RUB&quot;,&quot;order_id&quot;:&quot;testorder222&quot;,&quot;type_order&quot;:1,&quot;day&quot;:&quot;24-12-2021&quot;,&quot;buyer_first_name&quot;:&quot;rion&quot;,&quot;buyer_last_name&quot;:&quot;basov&quot;,&quot;comment&quot;:&quot;buy something&quot;,&quot;phone&quot;:89996651212,&quot;email&quot;:&quot;davert@codeception.com&quot;,&quot;notification&quot;:true,&quot;address&quot;:&quot;Lativa&quot;}" kind="argument"/>
      </parameters>
    </test-case>
    <test-case start="1611995386873" stop="1611995387140" status="failed">
      <name>ByPositiveTest with data set #4</name>
      <title><![CDATA[Test link title]]></title>
      <description type="text"><![CDATA[Test link test desc]]></description>
      <failure>
        <message>Operation status should be  0 for success.
Failed asserting that '222' matches expected 0.</message>
        <stack-trace>#0 /Users/garistov/PhpstormProjects/untitled1/vendor/phpunit/phpunit/src/Framework/Assert.php(2344): PHPUnit\Framework\Constraint\IsEqual-&gt;evaluate('222', 'Operation statu...')
#1 /Users/garistov/PhpstormProjects/untitled1/vendor/phpunit/phpunit/src/Framework/Assert.php(324): PHPUnit\Framework\Assert::assertThat('222', Object(PHPUnit\Framework\Constraint\IsEqual), 'Operation statu...')
#2 /Users/garistov/PhpstormProjects/untitled1/vendor/codeception/lib-asserts/src/Codeception/Util/Shared/InheritedAsserts.php(243): PHPUnit\Framework\Assert::assertEquals(0, '222', 'Operation statu...')
#3 /Users/garistov/PhpstormProjects/untitled1/tests/_support/Helper/Api.php(17): Codeception\Module-&gt;assertEquals(0, '222', 'Operation statu...')
#4 [internal function]: Helper\Api-&gt;checkOperationStatusSuccess(0)
#5 /Users/garistov/PhpstormProjects/untitled1/vendor/codeception/codeception/src/Codeception/Step.php(268): call_user_func_array(Array, Array)
#6 /Users/garistov/PhpstormProjects/untitled1/vendor/codeception/codeception/src/Codeception/Scenario.php(76): Codeception\Step-&gt;run(Object(Codeception\Lib\ModuleContainer))
#7 /Users/garistov/PhpstormProjects/untitled1/tests/_support/_generated/ApiTesterActions.php(1660): Codeception\Scenario-&gt;runStep(Object(Codeception\Step\Action))
#8 /Users/garistov/PhpstormProjects/untitled1/tests/api/UsersTestCest.php(76): ApiTester-&gt;checkOperationStatusSuccess(0)
#9 [internal function]: UsersTestCest-&gt;ByPositiveTest(Object(ApiTester), Object(Codeception\Example))
#10 /Users/garistov/PhpstormProjects/untitled1/vendor/codeception/codeception/src/Codeception/Lib/Di.php(128): ReflectionMethod-&gt;invokeArgs(Object(UsersTestCest), Array)
#11 /Users/garistov/PhpstormProjects/untitled1/vendor/codeception/codeception/src/Codeception/Test/Cest.php(138): Codeception\Lib\Di-&gt;injectDependencies(Object(UsersTestCest), 'ByPositiveTest', Array)
#12 /Users/garistov/PhpstormProjects/untitled1/vendor/codeception/codeception/src/Codeception/Test/Cest.php(147): Codeception\Test\Cest-&gt;invoke('ByPositiveTest', Array)
#13 /Users/garistov/PhpstormProjects/untitled1/vendor/codeception/codeception/src/Codeception/Test/Cest.php(82): Codeception\Test\Cest-&gt;executeTestMethod(Object(ApiTester))
#14 /Users/garistov/PhpstormProjects/untitled1/vendor/codeception/codeception/src/Codeception/Test/Test.php(98): Codeception\Test\Cest-&gt;test()
#15 /Users/garistov/PhpstormProjects/untitled1/vendor/phpunit/phpunit/src/Framework/TestSuite.php(677): Codeception\Test\Test-&gt;run(Object(PHPUnit\Framework\TestResult))
#16 /Users/garistov/PhpstormProjects/untitled1/vendor/codeception/phpunit-wrapper/src/Runner.php(117): PHPUnit\Framework\TestSuite-&gt;run(Object(PHPUnit\Framework\TestResult))
#17 /Users/garistov/PhpstormProjects/untitled1/vendor/codeception/codeception/src/Codeception/SuiteManager.php(161): Codeception\PHPUnit\Runner-&gt;doEnhancedRun(Object(Codeception\Suite), Object(PHPUnit\Framework\TestResult), Array)
#18 /Users/garistov/PhpstormProjects/untitled1/vendor/codeception/codeception/src/Codeception/Codecept.php(208): Codeception\SuiteManager-&gt;run(Object(Codeception\PHPUnit\Runner), Object(PHPUnit\Framework\TestResult), Array)
#19 /Users/garistov/PhpstormProjects/untitled1/vendor/codeception/codeception/src/Codeception/Codecept.php(162): Codeception\Codecept-&gt;runSuite(Array, 'api', NULL)
#20 /Users/garistov/PhpstormProjects/untitled1/vendor/codeception/codeception/src/Codeception/Command/Run.php(531): Codeception\Codecept-&gt;run('api')
#21 /Users/garistov/PhpstormProjects/untitled1/vendor/codeception/codeception/src/Codeception/Command/Run.php(407): Codeception\Command\Run-&gt;runSuites(Array, Array)
#22 /Users/garistov/PhpstormProjects/untitled1/vendor/symfony/console/Command/Command.php(256): Codeception\Command\Run-&gt;execute(Object(Symfony\Component\Console\Input\ArgvInput), Object(Symfony\Component\Console\Output\ConsoleOutput))
#23 /Users/garistov/PhpstormProjects/untitled1/vendor/symfony/console/Application.php(971): Symfony\Component\Console\Command\Command-&gt;run(Object(Symfony\Component\Console\Input\ArgvInput), Object(Symfony\Component\Console\Output\ConsoleOutput))
#24 /Users/garistov/PhpstormProjects/untitled1/vendor/symfony/console/Application.php(290): Symfony\Component\Console\Application-&gt;doRunCommand(Object(Codeception\Command\Run), Object(Symfony\Component\Console\Input\ArgvInput), Object(Symfony\Component\Console\Output\ConsoleOutput))
#25 /Users/garistov/PhpstormProjects/untitled1/vendor/symfony/console/Application.php(166): Symfony\Component\Console\Application-&gt;doRun(Object(Symfony\Component\Console\Input\ArgvInput), Object(Symfony\Component\Console\Output\ConsoleOutput))
#26 /Users/garistov/PhpstormProjects/untitled1/vendor/codeception/codeception/src/Codeception/Application.php(117): Symfony\Component\Console\Application-&gt;run(Object(Symfony\Component\Console\Input\ArgvInput), Object(Symfony\Component\Console\Output\ConsoleOutput))
#27 /Users/garistov/PhpstormProjects/untitled1/vendor/codeception/codeception/app.php(46): Codeception\Application-&gt;run()
#28 /Users/garistov/PhpstormProjects/untitled1/vendor/codeception/codeception/app.php(47): {closure}()
#29 /Users/garistov/PhpstormProjects/untitled1/vendor/codeception/codeception/codecept(7): require('/Users/garistov...')
#30 {main}</stack-trace>
      </failure>
      <steps>
        <step start="1611995386878" stop="1611995386878" status="passed">
          <name><![CDATA[have http header "secret","QWERTY000097531KEY"]]></name>
        </step>
        <step start="1611995386878" stop="1611995386878" status="passed">
          <name><![CDATA[have http header "Content-Type","application/json"]]></name>
        </step>
        <step start="1611995386878" stop="1611995387124" status="passed">
          <name><![CDATA[send post "/",{"amount":1111,"currency":"RUB","order_id":"testorder222","type_order":3,"day":"24-12-2021","buyer_first_name":"rion","buyer_last_name":"basov","comment":"buy something","phone":89996651212,"e...}]]></name>
        </step>
        <step start="1611995387124" stop="1611995387124" status="passed">
          <name><![CDATA[see response code is 200]]></name>
        </step>
        <step start="1611995387125" stop="1611995387125" status="passed">
          <name><![CDATA[see response is json ]]></name>
        </step>
        <step start="1611995387125" stop="1611995387127" status="failed">
          <name><![CDATA[check operation status success 0]]></name>
        </step>
      </steps>
      <attachments>
        <attachment title="body" source="83264b5a600f3ce1473c2fc4463ca2bbdddd03c9-attachment.txt" type="text/plain"/>
        <attachment title="html" source="83264b5a600f3ce1473c2fc4463ca2bbdddd03c9-attachment.txt" type="text/plain"/>
        <attachment title="response" source="83264b5a600f3ce1473c2fc4463ca2bbdddd03c9-attachment.txt" type="text/plain"/>
      </attachments>
      <labels>
        <label name="testMethod" value="ByPositiveTest"/>
        <label name="testClass" value="UsersTestCest"/>
        <label name="AS_ID" value="123"/>
        <label name="testId" value="23"/>
        <label name="feature" value="First Feature"/>
        <label name="story" value="First Story"/>
      </labels>
      <parameters>
        <parameter name="resp_code" value="0" kind="argument"/>
        <parameter name="data" value="{&quot;amount&quot;:1111,&quot;currency&quot;:&quot;RUB&quot;,&quot;order_id&quot;:&quot;testorder222&quot;,&quot;type_order&quot;:3,&quot;day&quot;:&quot;24-12-2021&quot;,&quot;buyer_first_name&quot;:&quot;rion&quot;,&quot;buyer_last_name&quot;:&quot;basov&quot;,&quot;comment&quot;:&quot;buy something&quot;,&quot;phone&quot;:89996651212,&quot;email&quot;:&quot;davert@codeception.com&quot;,&quot;notification&quot;:true}" kind="argument"/>
      </parameters>
    </test-case>
    <test-case start="1611995387141" stop="1611995387397" status="failed">
      <name>CheckRequiredFields with data set #0</name>
      <title><![CDATA[Test link title]]></title>
      <description type="text"><![CDATA[Test link test desc]]></description>
      <failure>
        <message>Example absent_field doesn't exist</message>
        <stack-trace>#0 /Users/garistov/PhpstormProjects/untitled1/tests/api/UsersTestCest.php(115): Codeception\Example-&gt;offsetGet('absent_field')
#1 [internal function]: UsersTestCest-&gt;CheckRequiredFields(Object(ApiTester), Object(Codeception\Example))
#2 /Users/garistov/PhpstormProjects/untitled1/vendor/codeception/codeception/src/Codeception/Lib/Di.php(128): ReflectionMethod-&gt;invokeArgs(Object(UsersTestCest), Array)
#3 /Users/garistov/PhpstormProjects/untitled1/vendor/codeception/codeception/src/Codeception/Test/Cest.php(138): Codeception\Lib\Di-&gt;injectDependencies(Object(UsersTestCest), 'CheckRequiredFi...', Array)
#4 /Users/garistov/PhpstormProjects/untitled1/vendor/codeception/codeception/src/Codeception/Test/Cest.php(147): Codeception\Test\Cest-&gt;invoke('CheckRequiredFi...', Array)
#5 /Users/garistov/PhpstormProjects/untitled1/vendor/codeception/codeception/src/Codeception/Test/Cest.php(82): Codeception\Test\Cest-&gt;executeTestMethod(Object(ApiTester))
#6 /Users/garistov/PhpstormProjects/untitled1/vendor/codeception/codeception/src/Codeception/Test/Test.php(98): Codeception\Test\Cest-&gt;test()
#7 /Users/garistov/PhpstormProjects/untitled1/vendor/phpunit/phpunit/src/Framework/TestSuite.php(677): Codeception\Test\Test-&gt;run(Object(PHPUnit\Framework\TestResult))
#8 /Users/garistov/PhpstormProjects/untitled1/vendor/codeception/phpunit-wrapper/src/Runner.php(117): PHPUnit\Framework\TestSuite-&gt;run(Object(PHPUnit\Framework\TestResult))
#9 /Users/garistov/PhpstormProjects/untitled1/vendor/codeception/codeception/src/Codeception/SuiteManager.php(161): Codeception\PHPUnit\Runner-&gt;doEnhancedRun(Object(Codeception\Suite), Object(PHPUnit\Framework\TestResult), Array)
#10 /Users/garistov/PhpstormProjects/untitled1/vendor/codeception/codeception/src/Codeception/Codecept.php(208): Codeception\SuiteManager-&gt;run(Object(Codeception\PHPUnit\Runner), Object(PHPUnit\Framework\TestResult), Array)
#11 /Users/garistov/PhpstormProjects/untitled1/vendor/codeception/codeception/src/Codeception/Codecept.php(162): Codeception\Codecept-&gt;runSuite(Array, 'api', NULL)
#12 /Users/garistov/PhpstormProjects/untitled1/vendor/codeception/codeception/src/Codeception/Command/Run.php(531): Codeception\Codecept-&gt;run('api')
#13 /Users/garistov/PhpstormProjects/untitled1/vendor/codeception/codeception/src/Codeception/Command/Run.php(407): Codeception\Command\Run-&gt;runSuites(Array, Array)
#14 /Users/garistov/PhpstormProjects/untitled1/vendor/symfony/console/Command/Command.php(256): Codeception\Command\Run-&gt;execute(Object(Symfony\Component\Console\Input\ArgvInput), Object(Symfony\Component\Console\Output\ConsoleOutput))
#15 /Users/garistov/PhpstormProjects/untitled1/vendor/symfony/console/Application.php(971): Symfony\Component\Console\Command\Command-&gt;run(Object(Symfony\Component\Console\Input\ArgvInput), Object(Symfony\Component\Console\Output\ConsoleOutput))
#16 /Users/garistov/PhpstormProjects/untitled1/vendor/symfony/console/Application.php(290): Symfony\Component\Console\Application-&gt;doRunCommand(Object(Codeception\Command\Run), Object(Symfony\Component\Console\Input\ArgvInput), Object(Symfony\Component\Console\Output\ConsoleOutput))
#17 /Users/garistov/PhpstormProjects/untitled1/vendor/symfony/console/Application.php(166): Symfony\Component\Console\Application-&gt;doRun(Object(Symfony\Component\Console\Input\ArgvInput), Object(Symfony\Component\Console\Output\ConsoleOutput))
#18 /Users/garistov/PhpstormProjects/untitled1/vendor/codeception/codeception/src/Codeception/Application.php(117): Symfony\Component\Console\Application-&gt;run(Object(Symfony\Component\Console\Input\ArgvInput), Object(Symfony\Component\Console\Output\ConsoleOutput))
#19 /Users/garistov/PhpstormProjects/untitled1/vendor/codeception/codeception/app.php(46): Codeception\Application-&gt;run()
#20 /Users/garistov/PhpstormProjects/untitled1/vendor/codeception/codeception/app.php(47): {closure}()
#21 /Users/garistov/PhpstormProjects/untitled1/vendor/codeception/codeception/codecept(7): require('/Users/garistov...')
#22 {main}</stack-trace>
      </failure>
      <steps>
        <step start="1611995387146" stop="1611995387146" status="passed">
          <name><![CDATA[have http header "secret","QWERTY000097531KEY"]]></name>
        </step>
        <step start="1611995387146" stop="1611995387146" status="passed">
          <name><![CDATA[have http header "Content-Type","application/json"]]></name>
        </step>
        <step start="1611995387146" stop="1611995387391" status="passed">
          <name><![CDATA[send post "/",{"amount":333,"currency":"RUB","order_id":"testorder222","type_order":1,"day":"24-12-2021","buyer_first_name":"rion","buyer_last_name":"basov","comment":"buy something","email":"davert@codecep...}]]></name>
        </step>
        <step start="1611995387392" stop="1611995387392" status="passed">
          <name><![CDATA[see response code is 200]]></name>
        </step>
        <step start="1611995387392" stop="1611995387392" status="passed">
          <name><![CDATA[see response is json ]]></name>
        </step>
        <step start="1611995387392" stop="1611995387392" status="passed">
          <name><![CDATA[check operation status success 222]]></name>
        </step>
      </steps>
      <attachments>
        <attachment title="body" source="41e5f9002e2cd76cd8bdd3fe4c2c7b85bbaae08a-attachment.txt" type="text/plain"/>
        <attachment title="html" source="41e5f9002e2cd76cd8bdd3fe4c2c7b85bbaae08a-attachment.txt" type="text/plain"/>
        <attachment title="response" source="41e5f9002e2cd76cd8bdd3fe4c2c7b85bbaae08a-attachment.txt" type="text/plain"/>
      </attachments>
      <labels>
        <label name="testMethod" value="CheckRequiredFields"/>
        <label name="testClass" value="UsersTestCest"/>
        <label name="AS_ID" value="123"/>
        <label name="testId" value="23"/>
        <label name="feature" value="First Feature"/>
        <label name="story" value="First Story"/>
      </labels>
      <parameters>
        <parameter name="resp_code" value="222" kind="argument"/>
        <parameter name="absent_fields" value="[&quot;address&quot;,&quot;phone&quot;]" kind="argument"/>
        <parameter name="data" value="{&quot;amount&quot;:333,&quot;currency&quot;:&quot;RUB&quot;,&quot;order_id&quot;:&quot;testorder222&quot;,&quot;type_order&quot;:1,&quot;day&quot;:&quot;24-12-2021&quot;,&quot;buyer_first_name&quot;:&quot;rion&quot;,&quot;buyer_last_name&quot;:&quot;basov&quot;,&quot;comment&quot;:&quot;buy something&quot;,&quot;email&quot;:&quot;davert@codeception.com&quot;,&quot;notification&quot;:true}" kind="argument"/>
      </parameters>
    </test-case>
    <test-case start="1611995387398" stop="1611995417415" status="broken">
      <name>CheckRequiredFields with data set #1</name>
      <title><![CDATA[Test link title]]></title>
      <description type="text"><![CDATA[Test link test desc]]></description>
      <failure>
        <message>cURL error 28: Operation timed out after 30003 milliseconds with 0 out of 0 bytes received (see https://curl.haxx.se/libcurl/c/libcurl-errors.html) for https://mock01.ecpdss.net/mnogopay/z/buy/</message>
        <stack-trace>#0 /Users/garistov/PhpstormProjects/untitled1/vendor/phpunit/phpunit/src/Framework/TestSuite.php(677): Codeception\Test\Test-&gt;run(Object(PHPUnit\Framework\TestResult))
#1 /Users/garistov/PhpstormProjects/untitled1/vendor/codeception/phpunit-wrapper/src/Runner.php(117): PHPUnit\Framework\TestSuite-&gt;run(Object(PHPUnit\Framework\TestResult))
#2 /Users/garistov/PhpstormProjects/untitled1/vendor/codeception/codeception/src/Codeception/SuiteManager.php(161): Codeception\PHPUnit\Runner-&gt;doEnhancedRun(Object(Codeception\Suite), Object(PHPUnit\Framework\TestResult), Array)
#3 /Users/garistov/PhpstormProjects/untitled1/vendor/codeception/codeception/src/Codeception/Codecept.php(208): Codeception\SuiteManager-&gt;run(Object(Codeception\PHPUnit\Runner), Object(PHPUnit\Framework\TestResult), Array)
#4 /Users/garistov/PhpstormProjects/untitled1/vendor/codeception/codeception/src/Codeception/Codecept.php(162): Codeception\Codecept-&gt;runSuite(Array, 'api', NULL)
#5 /Users/garistov/PhpstormProjects/untitled1/vendor/codeception/codeception/src/Codeception/Command/Run.php(531): Codeception\Codecept-&gt;run('api')
#6 /Users/garistov/PhpstormProjects/untitled1/vendor/codeception/codeception/src/Codeception/Command/Run.php(407): Codeception\Command\Run-&gt;runSuites(Array, Array)
#7 /Users/garistov/PhpstormProjects/untitled1/vendor/symfony/console/Command/Command.php(256): Codeception\Command\Run-&gt;execute(Object(Symfony\Component\Console\Input\ArgvInput), Object(Symfony\Component\Console\Output\ConsoleOutput))
#8 /Users/garistov/PhpstormProjects/untitled1/vendor/symfony/console/Application.php(971): Symfony\Component\Console\Command\Command-&gt;run(Object(Symfony\Component\Console\Input\ArgvInput), Object(Symfony\Component\Console\Output\ConsoleOutput))
#9 /Users/garistov/PhpstormProjects/untitled1/vendor/symfony/console/Application.php(290): Symfony\Component\Console\Application-&gt;doRunCommand(Object(Codeception\Command\Run), Object(Symfony\Component\Console\Input\ArgvInput), Object(Symfony\Component\Console\Output\ConsoleOutput))
#10 /Users/garistov/PhpstormProjects/untitled1/vendor/symfony/console/Application.php(166): Symfony\Component\Console\Application-&gt;doRun(Object(Symfony\Component\Console\Input\ArgvInput), Object(Symfony\Component\Console\Output\ConsoleOutput))
#11 /Users/garistov/PhpstormProjects/untitled1/vendor/codeception/codeception/src/Codeception/Application.php(117): Symfony\Component\Console\Application-&gt;run(Object(Symfony\Component\Console\Input\ArgvInput), Object(Symfony\Component\Console\Output\ConsoleOutput))
#12 /Users/garistov/PhpstormProjects/untitled1/vendor/codeception/codeception/app.php(46): Codeception\Application-&gt;run()
#13 /Users/garistov/PhpstormProjects/untitled1/vendor/codeception/codeception/app.php(47): {closure}()
#14 /Users/garistov/PhpstormProjects/untitled1/vendor/codeception/codeception/codecept(7): require('/Users/garistov...')
#15 {main}</stack-trace>
      </failure>
      <steps>
        <step start="1611995387401" stop="1611995387402" status="passed">
          <name><![CDATA[have http header "secret","QWERTY000097531KEY"]]></name>
        </step>
        <step start="1611995387403" stop="1611995387403" status="passed">
          <name><![CDATA[have http header "Content-Type","application/json"]]></name>
        </step>
        <step start="1611995387403" stop="1611995417413" status="failed">
          <name><![CDATA[send post "/",{"amount":333,"currency":"RUB","order_id":"testorder222","day":"24-12-2021","buyer_first_name":"rion","buyer_last_name":"basov","comment":"buy something","email":"davert@codeception.com","noti...}]]></name>
        </step>
      </steps>
      <labels>
        <label name="testMethod" value="CheckRequiredFields"/>
        <label name="testClass" value="UsersTestCest"/>
        <label name="AS_ID" value="123"/>
        <label name="testId" value="23"/>
        <label name="feature" value="First Feature"/>
        <label name="story" value="First Story"/>
      </labels>
      <parameters>
        <parameter name="resp_code" value="222" kind="argument"/>
        <parameter name="absent_fields" value="[&quot;address&quot;,&quot;phone&quot;,&quot;type_order&quot;]" kind="argument"/>
        <parameter name="data" value="{&quot;amount&quot;:333,&quot;currency&quot;:&quot;RUB&quot;,&quot;order_id&quot;:&quot;testorder222&quot;,&quot;day&quot;:&quot;24-12-2021&quot;,&quot;buyer_first_name&quot;:&quot;rion&quot;,&quot;buyer_last_name&quot;:&quot;basov&quot;,&quot;comment&quot;:&quot;buy something&quot;,&quot;email&quot;:&quot;davert@codeception.com&quot;,&quot;notification&quot;:true}" kind="argument"/>
      </parameters>
    </test-case>
    <test-case start="1611995417415" stop="1611995417692" status="failed">
      <name>CheckRequiredFields with data set #2</name>
      <title><![CDATA[Test link title]]></title>
      <description type="text"><![CDATA[Test link test desc]]></description>
      <failure>
        <message>Example absent_field doesn't exist</message>
        <stack-trace>#0 /Users/garistov/PhpstormProjects/untitled1/tests/api/UsersTestCest.php(115): Codeception\Example-&gt;offsetGet('absent_field')
#1 [internal function]: UsersTestCest-&gt;CheckRequiredFields(Object(ApiTester), Object(Codeception\Example))
#2 /Users/garistov/PhpstormProjects/untitled1/vendor/codeception/codeception/src/Codeception/Lib/Di.php(128): ReflectionMethod-&gt;invokeArgs(Object(UsersTestCest), Array)
#3 /Users/garistov/PhpstormProjects/untitled1/vendor/codeception/codeception/src/Codeception/Test/Cest.php(138): Codeception\Lib\Di-&gt;injectDependencies(Object(UsersTestCest), 'CheckRequiredFi...', Array)
#4 /Users/garistov/PhpstormProjects/untitled1/vendor/codeception/codeception/src/Codeception/Test/Cest.php(147): Codeception\Test\Cest-&gt;invoke('CheckRequiredFi...', Array)
#5 /Users/garistov/PhpstormProjects/untitled1/vendor/codeception/codeception/src/Codeception/Test/Cest.php(82): Codeception\Test\Cest-&gt;executeTestMethod(Object(ApiTester))
#6 /Users/garistov/PhpstormProjects/untitled1/vendor/codeception/codeception/src/Codeception/Test/Test.php(98): Codeception\Test\Cest-&gt;test()
#7 /Users/garistov/PhpstormProjects/untitled1/vendor/phpunit/phpunit/src/Framework/TestSuite.php(677): Codeception\Test\Test-&gt;run(Object(PHPUnit\Framework\TestResult))
#8 /Users/garistov/PhpstormProjects/untitled1/vendor/codeception/phpunit-wrapper/src/Runner.php(117): PHPUnit\Framework\TestSuite-&gt;run(Object(PHPUnit\Framework\TestResult))
#9 /Users/garistov/PhpstormProjects/untitled1/vendor/codeception/codeception/src/Codeception/SuiteManager.php(161): Codeception\PHPUnit\Runner-&gt;doEnhancedRun(Object(Codeception\Suite), Object(PHPUnit\Framework\TestResult), Array)
#10 /Users/garistov/PhpstormProjects/untitled1/vendor/codeception/codeception/src/Codeception/Codecept.php(208): Codeception\SuiteManager-&gt;run(Object(Codeception\PHPUnit\Runner), Object(PHPUnit\Framework\TestResult), Array)
#11 /Users/garistov/PhpstormProjects/untitled1/vendor/codeception/codeception/src/Codeception/Codecept.php(162): Codeception\Codecept-&gt;runSuite(Array, 'api', NULL)
#12 /Users/garistov/PhpstormProjects/untitled1/vendor/codeception/codeception/src/Codeception/Command/Run.php(531): Codeception\Codecept-&gt;run('api')
#13 /Users/garistov/PhpstormProjects/untitled1/vendor/codeception/codeception/src/Codeception/Command/Run.php(407): Codeception\Command\Run-&gt;runSuites(Array, Array)
#14 /Users/garistov/PhpstormProjects/untitled1/vendor/symfony/console/Command/Command.php(256): Codeception\Command\Run-&gt;execute(Object(Symfony\Component\Console\Input\ArgvInput), Object(Symfony\Component\Console\Output\ConsoleOutput))
#15 /Users/garistov/PhpstormProjects/untitled1/vendor/symfony/console/Application.php(971): Symfony\Component\Console\Command\Command-&gt;run(Object(Symfony\Component\Console\Input\ArgvInput), Object(Symfony\Component\Console\Output\ConsoleOutput))
#16 /Users/garistov/PhpstormProjects/untitled1/vendor/symfony/console/Application.php(290): Symfony\Component\Console\Application-&gt;doRunCommand(Object(Codeception\Command\Run), Object(Symfony\Component\Console\Input\ArgvInput), Object(Symfony\Component\Console\Output\ConsoleOutput))
#17 /Users/garistov/PhpstormProjects/untitled1/vendor/symfony/console/Application.php(166): Symfony\Component\Console\Application-&gt;doRun(Object(Symfony\Component\Console\Input\ArgvInput), Object(Symfony\Component\Console\Output\ConsoleOutput))
#18 /Users/garistov/PhpstormProjects/untitled1/vendor/codeception/codeception/src/Codeception/Application.php(117): Symfony\Component\Console\Application-&gt;run(Object(Symfony\Component\Console\Input\ArgvInput), Object(Symfony\Component\Console\Output\ConsoleOutput))
#19 /Users/garistov/PhpstormProjects/untitled1/vendor/codeception/codeception/app.php(46): Codeception\Application-&gt;run()
#20 /Users/garistov/PhpstormProjects/untitled1/vendor/codeception/codeception/app.php(47): {closure}()
#21 /Users/garistov/PhpstormProjects/untitled1/vendor/codeception/codeception/codecept(7): require('/Users/garistov...')
#22 {main}</stack-trace>
      </failure>
      <steps>
        <step start="1611995417416" stop="1611995417416" status="passed">
          <name><![CDATA[have http header "secret","QWERTY000097531KEY"]]></name>
        </step>
        <step start="1611995417416" stop="1611995417416" status="passed">
          <name><![CDATA[have http header "Content-Type","application/json"]]></name>
        </step>
        <step start="1611995417417" stop="1611995417680" status="passed">
          <name><![CDATA[send post "/",[]]]></name>
        </step>
        <step start="1611995417680" stop="1611995417680" status="passed">
          <name><![CDATA[see response code is 200]]></name>
        </step>
        <step start="1611995417680" stop="1611995417680" status="passed">
          <name><![CDATA[see response is json ]]></name>
        </step>
        <step start="1611995417680" stop="1611995417680" status="passed">
          <name><![CDATA[check operation status success 222]]></name>
        </step>
      </steps>
      <attachments>
        <attachment title="body" source="e37fb19fb1a178324667ed3faed4038a59d3d68c-attachment.txt" type="text/plain"/>
        <attachment title="html" source="e37fb19fb1a178324667ed3faed4038a59d3d68c-attachment.txt" type="text/plain"/>
        <attachment title="response" source="e37fb19fb1a178324667ed3faed4038a59d3d68c-attachment.txt" type="text/plain"/>
      </attachments>
      <labels>
        <label name="testMethod" value="CheckRequiredFields"/>
        <label name="testClass" value="UsersTestCest"/>
        <label name="AS_ID" value="123"/>
        <label name="testId" value="23"/>
        <label name="feature" value="First Feature"/>
        <label name="story" value="First Story"/>
      </labels>
      <parameters>
        <parameter name="resp_code" value="222" kind="argument"/>
        <parameter name="absent_fields" value="[&quot;address&quot;,&quot;phone&quot;,&quot;type_order&quot;,&quot;amount&quot;,&quot;currency&quot;,&quot;order_id&quot;,&quot;day&quot;,&quot;buyer_first_name&quot;]" kind="argument"/>
        <parameter name="data" value="[]" kind="argument"/>
      </parameters>
    </test-case>
  </test-cases>
</alr:test-suite>
