<?xml version="1.0" encoding="UTF-8"?>
<alr:test-suite xmlns:alr="urn:model.allure.qatools.yandex.ru" start="1611995229666" stop="1611995231897" version="1.4.0">
  <name>api</name>
  <test-cases>
    <test-case start="1611995229699" stop="1611995230181" status="broken">
      <name>ByPositiveTest with data set #0</name>
      <title><![CDATA[Test link title]]></title>
      <description type="text"><![CDATA[Test link test desc]]></description>
      <failure>
        <message>Object of class PHPUnit\Framework\Constraint\IsEqual could not be converted to string at tests/api/UsersTestCest.php:77</message>
        <stack-trace>#0 /Users/garistov/PhpstormProjects/untitled1/tests/api/UsersTestCest.php(77): Codeception\Subscriber\ErrorHandler-&gt;errorHandler(4096, 'Object of class...', '/Users/garistov...', 77, Array)
#1 [internal function]: UsersTestCest-&gt;ByPositiveTest(Object(ApiTester), Object(Codeception\Example))
#2 /Users/garistov/PhpstormProjects/untitled1/vendor/codeception/codeception/src/Codeception/Lib/Di.php(128): ReflectionMethod-&gt;invokeArgs(Object(UsersTestCest), Array)
#3 /Users/garistov/PhpstormProjects/untitled1/vendor/codeception/codeception/src/Codeception/Test/Cest.php(138): Codeception\Lib\Di-&gt;injectDependencies(Object(UsersTestCest), 'ByPositiveTest', Array)
#4 /Users/garistov/PhpstormProjects/untitled1/vendor/codeception/codeception/src/Codeception/Test/Cest.php(147): Codeception\Test\Cest-&gt;invoke('ByPositiveTest', Array)
#5 /Users/garistov/PhpstormProjects/untitled1/vendor/codeception/codeception/src/Codeception/Test/Cest.php(82): Codeception\Test\Cest-&gt;executeTestMethod(Object(ApiTester))
#6 /Users/garistov/PhpstormProjects/untitled1/vendor/codeception/codeception/src/Codeception/Test/Test.php(98): Codeception\Test\Cest-&gt;test()
#7 /Users/garistov/PhpstormProjects/untitled1/vendor/phpunit/phpunit/src/Framework/TestSuite.php(677): Codeception\Test\Test-&gt;run(Object(PHPUnit\Framework\TestResult))
#8 /Users/garistov/PhpstormProjects/untitled1/vendor/codeception/phpunit-wrapper/src/Runner.php(117): PHPUnit\Framework\TestSuite-&gt;run(Object(PHPUnit\Framework\TestResult))
#9 /Users/garistov/PhpstormProjects/untitled1/vendor/codeception/codeception/src/Codeception/SuiteManager.php(161): Codeception\PHPUnit\Runner-&gt;doEnhancedRun(Object(Codeception\Suite), Object(PHPUnit\Framework\TestResult), Array)
#10 /Users/garistov/PhpstormProjects/untitled1/vendor/codeception/codeception/src/Codeception/Codecept.php(208): Codeception\SuiteManager-&gt;run(Object(Codeception\PHPUnit\Runner), Object(PHPUnit\Framework\TestResult), Array)
#11 /Users/garistov/PhpstormProjects/untitled1/vendor/codeception/codeception/src/Codeception/Codecept.php(162): Codeception\Codecept-&gt;runSuite(Array, 'api', NULL)
#12 /Users/garistov/PhpstormProjects/untitled1/vendor/codeception/codeception/src/Codeception/Command/Run.php(531): Codeception\Codecept-&gt;run('api')
#13 /Users/garistov/PhpstormProjects/untitled1/vendor/codeception/codeception/src/Codeception/Command/Run.php(407): Codeception\Command\Run-&gt;runSuites(Array, Array)
#14 /Users/garistov/PhpstormProjects/untitled1/vendor/symfony/console/Command/Command.php(256): Codeception\Command\Run-&gt;execute(Object(Symfony\Component\Console\Input\ArgvInput), Object(Symfony\Component\Console\Output\ConsoleOutput))
#15 /Users/garistov/PhpstormProjects/untitled1/vendor/symfony/console/Application.php(971): Symfony\Component\Console\Command\Command-&gt;run(Object(Symfony\Component\Console\Input\ArgvInput), Object(Symfony\Component\Console\Output\ConsoleOutput))
#16 /Users/garistov/PhpstormProjects/untitled1/vendor/symfony/console/Application.php(290): Symfony\Component\Console\Application-&gt;doRunCommand(Object(Codeception\Command\Run), Object(Symfony\Component\Console\Input\ArgvInput), Object(Symfony\Component\Console\Output\ConsoleOutput))
#17 /Users/garistov/PhpstormProjects/untitled1/vendor/symfony/console/Application.php(166): Symfony\Component\Console\Application-&gt;doRun(Object(Symfony\Component\Console\Input\ArgvInput), Object(Symfony\Component\Console\Output\ConsoleOutput))
#18 /Users/garistov/PhpstormProjects/untitled1/vendor/codeception/codeception/src/Codeception/Application.php(117): Symfony\Component\Console\Application-&gt;run(Object(Symfony\Component\Console\Input\ArgvInput), Object(Symfony\Component\Console\Output\ConsoleOutput))
#19 /Users/garistov/PhpstormProjects/untitled1/vendor/codeception/codeception/app.php(46): Codeception\Application-&gt;run()
#20 /Users/garistov/PhpstormProjects/untitled1/vendor/codeception/codeception/app.php(47): {closure}()
#21 /Users/garistov/PhpstormProjects/untitled1/vendor/codeception/codeception/codecept(7): require('/Users/garistov...')
#22 {main}</stack-trace>
      </failure>
      <steps>
        <step start="1611995229709" stop="1611995229710" status="passed">
          <name><![CDATA[have http header "secret","QWERTY000097531KEY"]]></name>
        </step>
        <step start="1611995229710" stop="1611995229710" status="passed">
          <name><![CDATA[have http header "Content-Type","application/json"]]></name>
        </step>
        <step start="1611995229710" stop="1611995230090" status="passed">
          <name><![CDATA[send post "/",{"amount":333,"currency":"RUB","order_id":"testorder222","type_order":1,"day":"24-12-2021","buyer_first_name":"rion","buyer_last_name":"basov","comment":"buy something","phone":89996651212,"em...}]]></name>
        </step>
        <step start="1611995230093" stop="1611995230096" status="passed">
          <name><![CDATA[see response code is 200]]></name>
        </step>
        <step start="1611995230097" stop="1611995230127" status="passed">
          <name><![CDATA[see response is json ]]></name>
        </step>
        <step start="1611995230128" stop="1611995230128" status="passed">
          <name><![CDATA[check operation status success 0]]></name>
        </step>
      </steps>
      <attachments>
        <attachment title="body" source="6172d732d14aedf9881cfc4006e92ff15b07a59d-attachment.txt" type="text/plain"/>
        <attachment title="html" source="6172d732d14aedf9881cfc4006e92ff15b07a59d-attachment.txt" type="text/plain"/>
        <attachment title="response" source="6172d732d14aedf9881cfc4006e92ff15b07a59d-attachment.txt" type="text/plain"/>
      </attachments>
      <labels>
        <label name="testMethod" value="ByPositiveTest"/>
        <label name="testClass" value="UsersTestCest"/>
        <label name="AS_ID" value="123"/>
        <label name="testId" value="23"/>
        <label name="feature" value="First Feature"/>
        <label name="story" value="First Story"/>
      </labels>
      <parameters>
        <parameter name="resp_code" value="0" kind="argument"/>
        <parameter name="data" value="{&quot;amount&quot;:333,&quot;currency&quot;:&quot;RUB&quot;,&quot;order_id&quot;:&quot;testorder222&quot;,&quot;type_order&quot;:1,&quot;day&quot;:&quot;24-12-2021&quot;,&quot;buyer_first_name&quot;:&quot;rion&quot;,&quot;buyer_last_name&quot;:&quot;basov&quot;,&quot;comment&quot;:&quot;buy something&quot;,&quot;phone&quot;:89996651212,&quot;email&quot;:&quot;davert@codeception.com&quot;,&quot;notification&quot;:true,&quot;address&quot;:&quot;Lativa&quot;}" kind="argument"/>
      </parameters>
    </test-case>
    <test-case start="1611995230181" stop="1611995230426" status="broken">
      <name>ByPositiveTest with data set #1</name>
      <title><![CDATA[Test link title]]></title>
      <description type="text"><![CDATA[Test link test desc]]></description>
      <failure>
        <message>Object of class PHPUnit\Framework\Constraint\IsEqual could not be converted to string at tests/api/UsersTestCest.php:77</message>
        <stack-trace>#0 /Users/garistov/PhpstormProjects/untitled1/tests/api/UsersTestCest.php(77): Codeception\Subscriber\ErrorHandler-&gt;errorHandler(4096, 'Object of class...', '/Users/garistov...', 77, Array)
#1 [internal function]: UsersTestCest-&gt;ByPositiveTest(Object(ApiTester), Object(Codeception\Example))
#2 /Users/garistov/PhpstormProjects/untitled1/vendor/codeception/codeception/src/Codeception/Lib/Di.php(128): ReflectionMethod-&gt;invokeArgs(Object(UsersTestCest), Array)
#3 /Users/garistov/PhpstormProjects/untitled1/vendor/codeception/codeception/src/Codeception/Test/Cest.php(138): Codeception\Lib\Di-&gt;injectDependencies(Object(UsersTestCest), 'ByPositiveTest', Array)
#4 /Users/garistov/PhpstormProjects/untitled1/vendor/codeception/codeception/src/Codeception/Test/Cest.php(147): Codeception\Test\Cest-&gt;invoke('ByPositiveTest', Array)
#5 /Users/garistov/PhpstormProjects/untitled1/vendor/codeception/codeception/src/Codeception/Test/Cest.php(82): Codeception\Test\Cest-&gt;executeTestMethod(Object(ApiTester))
#6 /Users/garistov/PhpstormProjects/untitled1/vendor/codeception/codeception/src/Codeception/Test/Test.php(98): Codeception\Test\Cest-&gt;test()
#7 /Users/garistov/PhpstormProjects/untitled1/vendor/phpunit/phpunit/src/Framework/TestSuite.php(677): Codeception\Test\Test-&gt;run(Object(PHPUnit\Framework\TestResult))
#8 /Users/garistov/PhpstormProjects/untitled1/vendor/codeception/phpunit-wrapper/src/Runner.php(117): PHPUnit\Framework\TestSuite-&gt;run(Object(PHPUnit\Framework\TestResult))
#9 /Users/garistov/PhpstormProjects/untitled1/vendor/codeception/codeception/src/Codeception/SuiteManager.php(161): Codeception\PHPUnit\Runner-&gt;doEnhancedRun(Object(Codeception\Suite), Object(PHPUnit\Framework\TestResult), Array)
#10 /Users/garistov/PhpstormProjects/untitled1/vendor/codeception/codeception/src/Codeception/Codecept.php(208): Codeception\SuiteManager-&gt;run(Object(Codeception\PHPUnit\Runner), Object(PHPUnit\Framework\TestResult), Array)
#11 /Users/garistov/PhpstormProjects/untitled1/vendor/codeception/codeception/src/Codeception/Codecept.php(162): Codeception\Codecept-&gt;runSuite(Array, 'api', NULL)
#12 /Users/garistov/PhpstormProjects/untitled1/vendor/codeception/codeception/src/Codeception/Command/Run.php(531): Codeception\Codecept-&gt;run('api')
#13 /Users/garistov/PhpstormProjects/untitled1/vendor/codeception/codeception/src/Codeception/Command/Run.php(407): Codeception\Command\Run-&gt;runSuites(Array, Array)
#14 /Users/garistov/PhpstormProjects/untitled1/vendor/symfony/console/Command/Command.php(256): Codeception\Command\Run-&gt;execute(Object(Symfony\Component\Console\Input\ArgvInput), Object(Symfony\Component\Console\Output\ConsoleOutput))
#15 /Users/garistov/PhpstormProjects/untitled1/vendor/symfony/console/Application.php(971): Symfony\Component\Console\Command\Command-&gt;run(Object(Symfony\Component\Console\Input\ArgvInput), Object(Symfony\Component\Console\Output\ConsoleOutput))
#16 /Users/garistov/PhpstormProjects/untitled1/vendor/symfony/console/Application.php(290): Symfony\Component\Console\Application-&gt;doRunCommand(Object(Codeception\Command\Run), Object(Symfony\Component\Console\Input\ArgvInput), Object(Symfony\Component\Console\Output\ConsoleOutput))
#17 /Users/garistov/PhpstormProjects/untitled1/vendor/symfony/console/Application.php(166): Symfony\Component\Console\Application-&gt;doRun(Object(Symfony\Component\Console\Input\ArgvInput), Object(Symfony\Component\Console\Output\ConsoleOutput))
#18 /Users/garistov/PhpstormProjects/untitled1/vendor/codeception/codeception/src/Codeception/Application.php(117): Symfony\Component\Console\Application-&gt;run(Object(Symfony\Component\Console\Input\ArgvInput), Object(Symfony\Component\Console\Output\ConsoleOutput))
#19 /Users/garistov/PhpstormProjects/untitled1/vendor/codeception/codeception/app.php(46): Codeception\Application-&gt;run()
#20 /Users/garistov/PhpstormProjects/untitled1/vendor/codeception/codeception/app.php(47): {closure}()
#21 /Users/garistov/PhpstormProjects/untitled1/vendor/codeception/codeception/codecept(7): require('/Users/garistov...')
#22 {main}</stack-trace>
      </failure>
      <steps>
        <step start="1611995230186" stop="1611995230186" status="passed">
          <name><![CDATA[have http header "secret","QWERTY000097531KEY"]]></name>
        </step>
        <step start="1611995230186" stop="1611995230186" status="passed">
          <name><![CDATA[have http header "Content-Type","application/json"]]></name>
        </step>
        <step start="1611995230186" stop="1611995230410" status="passed">
          <name><![CDATA[send post "/",{"amount":"333","currency":"RUB","order_id":"testorder222","type_order":"1","day":"24-12-2021","buyer_first_name":"rion","buyer_last_name":"basov","comment":"buy something","phone":89996651212...}]]></name>
        </step>
        <step start="1611995230410" stop="1611995230410" status="passed">
          <name><![CDATA[see response code is 200]]></name>
        </step>
        <step start="1611995230410" stop="1611995230410" status="passed">
          <name><![CDATA[see response is json ]]></name>
        </step>
        <step start="1611995230411" stop="1611995230411" status="passed">
          <name><![CDATA[check operation status success 111]]></name>
        </step>
      </steps>
      <attachments>
        <attachment title="body" source="04b3408c3a3a8236bdda0b8fa5a62d3531852558-attachment.txt" type="text/plain"/>
        <attachment title="html" source="04b3408c3a3a8236bdda0b8fa5a62d3531852558-attachment.txt" type="text/plain"/>
        <attachment title="response" source="04b3408c3a3a8236bdda0b8fa5a62d3531852558-attachment.txt" type="text/plain"/>
      </attachments>
      <labels>
        <label name="testMethod" value="ByPositiveTest"/>
        <label name="testClass" value="UsersTestCest"/>
        <label name="AS_ID" value="123"/>
        <label name="testId" value="23"/>
        <label name="feature" value="First Feature"/>
        <label name="story" value="First Story"/>
      </labels>
      <parameters>
        <parameter name="resp_code" value="111" kind="argument"/>
        <parameter name="data" value="{&quot;amount&quot;:&quot;333&quot;,&quot;currency&quot;:&quot;RUB&quot;,&quot;order_id&quot;:&quot;testorder222&quot;,&quot;type_order&quot;:&quot;1&quot;,&quot;day&quot;:&quot;24-12-2021&quot;,&quot;buyer_first_name&quot;:&quot;rion&quot;,&quot;buyer_last_name&quot;:&quot;basov&quot;,&quot;comment&quot;:&quot;buy something&quot;,&quot;phone&quot;:89996651212,&quot;email&quot;:&quot;davert@codeception.com&quot;,&quot;notification&quot;:true,&quot;address&quot;:&quot;Lativa&quot;}" kind="argument"/>
      </parameters>
    </test-case>
    <test-case start="1611995230427" stop="1611995230689" status="broken">
      <name>ByPositiveTest with data set #2</name>
      <title><![CDATA[Test link title]]></title>
      <description type="text"><![CDATA[Test link test desc]]></description>
      <failure>
        <message>Object of class PHPUnit\Framework\Constraint\IsEqual could not be converted to string at tests/api/UsersTestCest.php:77</message>
        <stack-trace>#0 /Users/garistov/PhpstormProjects/untitled1/tests/api/UsersTestCest.php(77): Codeception\Subscriber\ErrorHandler-&gt;errorHandler(4096, 'Object of class...', '/Users/garistov...', 77, Array)
#1 [internal function]: UsersTestCest-&gt;ByPositiveTest(Object(ApiTester), Object(Codeception\Example))
#2 /Users/garistov/PhpstormProjects/untitled1/vendor/codeception/codeception/src/Codeception/Lib/Di.php(128): ReflectionMethod-&gt;invokeArgs(Object(UsersTestCest), Array)
#3 /Users/garistov/PhpstormProjects/untitled1/vendor/codeception/codeception/src/Codeception/Test/Cest.php(138): Codeception\Lib\Di-&gt;injectDependencies(Object(UsersTestCest), 'ByPositiveTest', Array)
#4 /Users/garistov/PhpstormProjects/untitled1/vendor/codeception/codeception/src/Codeception/Test/Cest.php(147): Codeception\Test\Cest-&gt;invoke('ByPositiveTest', Array)
#5 /Users/garistov/PhpstormProjects/untitled1/vendor/codeception/codeception/src/Codeception/Test/Cest.php(82): Codeception\Test\Cest-&gt;executeTestMethod(Object(ApiTester))
#6 /Users/garistov/PhpstormProjects/untitled1/vendor/codeception/codeception/src/Codeception/Test/Test.php(98): Codeception\Test\Cest-&gt;test()
#7 /Users/garistov/PhpstormProjects/untitled1/vendor/phpunit/phpunit/src/Framework/TestSuite.php(677): Codeception\Test\Test-&gt;run(Object(PHPUnit\Framework\TestResult))
#8 /Users/garistov/PhpstormProjects/untitled1/vendor/codeception/phpunit-wrapper/src/Runner.php(117): PHPUnit\Framework\TestSuite-&gt;run(Object(PHPUnit\Framework\TestResult))
#9 /Users/garistov/PhpstormProjects/untitled1/vendor/codeception/codeception/src/Codeception/SuiteManager.php(161): Codeception\PHPUnit\Runner-&gt;doEnhancedRun(Object(Codeception\Suite), Object(PHPUnit\Framework\TestResult), Array)
#10 /Users/garistov/PhpstormProjects/untitled1/vendor/codeception/codeception/src/Codeception/Codecept.php(208): Codeception\SuiteManager-&gt;run(Object(Codeception\PHPUnit\Runner), Object(PHPUnit\Framework\TestResult), Array)
#11 /Users/garistov/PhpstormProjects/untitled1/vendor/codeception/codeception/src/Codeception/Codecept.php(162): Codeception\Codecept-&gt;runSuite(Array, 'api', NULL)
#12 /Users/garistov/PhpstormProjects/untitled1/vendor/codeception/codeception/src/Codeception/Command/Run.php(531): Codeception\Codecept-&gt;run('api')
#13 /Users/garistov/PhpstormProjects/untitled1/vendor/codeception/codeception/src/Codeception/Command/Run.php(407): Codeception\Command\Run-&gt;runSuites(Array, Array)
#14 /Users/garistov/PhpstormProjects/untitled1/vendor/symfony/console/Command/Command.php(256): Codeception\Command\Run-&gt;execute(Object(Symfony\Component\Console\Input\ArgvInput), Object(Symfony\Component\Console\Output\ConsoleOutput))
#15 /Users/garistov/PhpstormProjects/untitled1/vendor/symfony/console/Application.php(971): Symfony\Component\Console\Command\Command-&gt;run(Object(Symfony\Component\Console\Input\ArgvInput), Object(Symfony\Component\Console\Output\ConsoleOutput))
#16 /Users/garistov/PhpstormProjects/untitled1/vendor/symfony/console/Application.php(290): Symfony\Component\Console\Application-&gt;doRunCommand(Object(Codeception\Command\Run), Object(Symfony\Component\Console\Input\ArgvInput), Object(Symfony\Component\Console\Output\ConsoleOutput))
#17 /Users/garistov/PhpstormProjects/untitled1/vendor/symfony/console/Application.php(166): Symfony\Component\Console\Application-&gt;doRun(Object(Symfony\Component\Console\Input\ArgvInput), Object(Symfony\Component\Console\Output\ConsoleOutput))
#18 /Users/garistov/PhpstormProjects/untitled1/vendor/codeception/codeception/src/Codeception/Application.php(117): Symfony\Component\Console\Application-&gt;run(Object(Symfony\Component\Console\Input\ArgvInput), Object(Symfony\Component\Console\Output\ConsoleOutput))
#19 /Users/garistov/PhpstormProjects/untitled1/vendor/codeception/codeception/app.php(46): Codeception\Application-&gt;run()
#20 /Users/garistov/PhpstormProjects/untitled1/vendor/codeception/codeception/app.php(47): {closure}()
#21 /Users/garistov/PhpstormProjects/untitled1/vendor/codeception/codeception/codecept(7): require('/Users/garistov...')
#22 {main}</stack-trace>
      </failure>
      <steps>
        <step start="1611995230432" stop="1611995230432" status="passed">
          <name><![CDATA[have http header "secret","QWERTY000097531KEY"]]></name>
        </step>
        <step start="1611995230432" stop="1611995230432" status="passed">
          <name><![CDATA[have http header "Content-Type","application/json"]]></name>
        </step>
        <step start="1611995230432" stop="1611995230673" status="passed">
          <name><![CDATA[send post "/",{"amount":333,"currency":"RUB","order_id":"testorder222","type_order":1,"day":"24-12-2021","buyer_first_name":"rion","buyer_last_name":"basov","comment":"buy something","phone":89996651212,"em...}]]></name>
        </step>
        <step start="1611995230673" stop="1611995230673" status="passed">
          <name><![CDATA[see response code is 200]]></name>
        </step>
        <step start="1611995230673" stop="1611995230673" status="passed">
          <name><![CDATA[see response is json ]]></name>
        </step>
        <step start="1611995230673" stop="1611995230673" status="passed">
          <name><![CDATA[check operation status success 222]]></name>
        </step>
      </steps>
      <attachments>
        <attachment title="body" source="83264b5a600f3ce1473c2fc4463ca2bbdddd03c9-attachment.txt" type="text/plain"/>
        <attachment title="html" source="83264b5a600f3ce1473c2fc4463ca2bbdddd03c9-attachment.txt" type="text/plain"/>
        <attachment title="response" source="83264b5a600f3ce1473c2fc4463ca2bbdddd03c9-attachment.txt" type="text/plain"/>
      </attachments>
      <labels>
        <label name="testMethod" value="ByPositiveTest"/>
        <label name="testClass" value="UsersTestCest"/>
        <label name="AS_ID" value="123"/>
        <label name="testId" value="23"/>
        <label name="feature" value="First Feature"/>
        <label name="story" value="First Story"/>
      </labels>
      <parameters>
        <parameter name="resp_code" value="222" kind="argument"/>
        <parameter name="data" value="{&quot;amount&quot;:333,&quot;currency&quot;:&quot;RUB&quot;,&quot;order_id&quot;:&quot;testorder222&quot;,&quot;type_order&quot;:1,&quot;day&quot;:&quot;24-12-2021&quot;,&quot;buyer_first_name&quot;:&quot;rion&quot;,&quot;buyer_last_name&quot;:&quot;basov&quot;,&quot;comment&quot;:&quot;buy something&quot;,&quot;phone&quot;:89996651212,&quot;email&quot;:&quot;davert@codeception.com&quot;,&quot;notification&quot;:true}" kind="argument"/>
      </parameters>
    </test-case>
    <test-case start="1611995230691" stop="1611995230933" status="broken">
      <name>ByPositiveTest with data set #3</name>
      <title><![CDATA[Test link title]]></title>
      <description type="text"><![CDATA[Test link test desc]]></description>
      <failure>
        <message>Object of class PHPUnit\Framework\Constraint\IsEqual could not be converted to string at tests/api/UsersTestCest.php:77</message>
        <stack-trace>#0 /Users/garistov/PhpstormProjects/untitled1/tests/api/UsersTestCest.php(77): Codeception\Subscriber\ErrorHandler-&gt;errorHandler(4096, 'Object of class...', '/Users/garistov...', 77, Array)
#1 [internal function]: UsersTestCest-&gt;ByPositiveTest(Object(ApiTester), Object(Codeception\Example))
#2 /Users/garistov/PhpstormProjects/untitled1/vendor/codeception/codeception/src/Codeception/Lib/Di.php(128): ReflectionMethod-&gt;invokeArgs(Object(UsersTestCest), Array)
#3 /Users/garistov/PhpstormProjects/untitled1/vendor/codeception/codeception/src/Codeception/Test/Cest.php(138): Codeception\Lib\Di-&gt;injectDependencies(Object(UsersTestCest), 'ByPositiveTest', Array)
#4 /Users/garistov/PhpstormProjects/untitled1/vendor/codeception/codeception/src/Codeception/Test/Cest.php(147): Codeception\Test\Cest-&gt;invoke('ByPositiveTest', Array)
#5 /Users/garistov/PhpstormProjects/untitled1/vendor/codeception/codeception/src/Codeception/Test/Cest.php(82): Codeception\Test\Cest-&gt;executeTestMethod(Object(ApiTester))
#6 /Users/garistov/PhpstormProjects/untitled1/vendor/codeception/codeception/src/Codeception/Test/Test.php(98): Codeception\Test\Cest-&gt;test()
#7 /Users/garistov/PhpstormProjects/untitled1/vendor/phpunit/phpunit/src/Framework/TestSuite.php(677): Codeception\Test\Test-&gt;run(Object(PHPUnit\Framework\TestResult))
#8 /Users/garistov/PhpstormProjects/untitled1/vendor/codeception/phpunit-wrapper/src/Runner.php(117): PHPUnit\Framework\TestSuite-&gt;run(Object(PHPUnit\Framework\TestResult))
#9 /Users/garistov/PhpstormProjects/untitled1/vendor/codeception/codeception/src/Codeception/SuiteManager.php(161): Codeception\PHPUnit\Runner-&gt;doEnhancedRun(Object(Codeception\Suite), Object(PHPUnit\Framework\TestResult), Array)
#10 /Users/garistov/PhpstormProjects/untitled1/vendor/codeception/codeception/src/Codeception/Codecept.php(208): Codeception\SuiteManager-&gt;run(Object(Codeception\PHPUnit\Runner), Object(PHPUnit\Framework\TestResult), Array)
#11 /Users/garistov/PhpstormProjects/untitled1/vendor/codeception/codeception/src/Codeception/Codecept.php(162): Codeception\Codecept-&gt;runSuite(Array, 'api', NULL)
#12 /Users/garistov/PhpstormProjects/untitled1/vendor/codeception/codeception/src/Codeception/Command/Run.php(531): Codeception\Codecept-&gt;run('api')
#13 /Users/garistov/PhpstormProjects/untitled1/vendor/codeception/codeception/src/Codeception/Command/Run.php(407): Codeception\Command\Run-&gt;runSuites(Array, Array)
#14 /Users/garistov/PhpstormProjects/untitled1/vendor/symfony/console/Command/Command.php(256): Codeception\Command\Run-&gt;execute(Object(Symfony\Component\Console\Input\ArgvInput), Object(Symfony\Component\Console\Output\ConsoleOutput))
#15 /Users/garistov/PhpstormProjects/untitled1/vendor/symfony/console/Application.php(971): Symfony\Component\Console\Command\Command-&gt;run(Object(Symfony\Component\Console\Input\ArgvInput), Object(Symfony\Component\Console\Output\ConsoleOutput))
#16 /Users/garistov/PhpstormProjects/untitled1/vendor/symfony/console/Application.php(290): Symfony\Component\Console\Application-&gt;doRunCommand(Object(Codeception\Command\Run), Object(Symfony\Component\Console\Input\ArgvInput), Object(Symfony\Component\Console\Output\ConsoleOutput))
#17 /Users/garistov/PhpstormProjects/untitled1/vendor/symfony/console/Application.php(166): Symfony\Component\Console\Application-&gt;doRun(Object(Symfony\Component\Console\Input\ArgvInput), Object(Symfony\Component\Console\Output\ConsoleOutput))
#18 /Users/garistov/PhpstormProjects/untitled1/vendor/codeception/codeception/src/Codeception/Application.php(117): Symfony\Component\Console\Application-&gt;run(Object(Symfony\Component\Console\Input\ArgvInput), Object(Symfony\Component\Console\Output\ConsoleOutput))
#19 /Users/garistov/PhpstormProjects/untitled1/vendor/codeception/codeception/app.php(46): Codeception\Application-&gt;run()
#20 /Users/garistov/PhpstormProjects/untitled1/vendor/codeception/codeception/app.php(47): {closure}()
#21 /Users/garistov/PhpstormProjects/untitled1/vendor/codeception/codeception/codecept(7): require('/Users/garistov...')
#22 {main}</stack-trace>
      </failure>
      <steps>
        <step start="1611995230695" stop="1611995230695" status="passed">
          <name><![CDATA[have http header "secret","QWERTY000097531KEY"]]></name>
        </step>
        <step start="1611995230695" stop="1611995230695" status="passed">
          <name><![CDATA[have http header "Content-Type","application/json"]]></name>
        </step>
        <step start="1611995230695" stop="1611995230921" status="passed">
          <name><![CDATA[send post "/",{"amount":3.333333333333333e+20,"currency":"RUB","order_id":"testorder222","type_order":1,"day":"24-12-2021","buyer_first_name":"rion","buyer_last_name":"basov","comment":"buy something","phon...}]]></name>
        </step>
        <step start="1611995230921" stop="1611995230921" status="passed">
          <name><![CDATA[see response code is 200]]></name>
        </step>
        <step start="1611995230922" stop="1611995230922" status="passed">
          <name><![CDATA[see response is json ]]></name>
        </step>
        <step start="1611995230922" stop="1611995230922" status="passed">
          <name><![CDATA[check operation status success 333]]></name>
        </step>
      </steps>
      <attachments>
        <attachment title="body" source="36ed15bb92d9bc41d1d49a716aa7b5f74a57bd17-attachment.txt" type="text/plain"/>
        <attachment title="html" source="36ed15bb92d9bc41d1d49a716aa7b5f74a57bd17-attachment.txt" type="text/plain"/>
        <attachment title="response" source="36ed15bb92d9bc41d1d49a716aa7b5f74a57bd17-attachment.txt" type="text/plain"/>
      </attachments>
      <labels>
        <label name="testMethod" value="ByPositiveTest"/>
        <label name="testClass" value="UsersTestCest"/>
        <label name="AS_ID" value="123"/>
        <label name="testId" value="23"/>
        <label name="feature" value="First Feature"/>
        <label name="story" value="First Story"/>
      </labels>
      <parameters>
        <parameter name="resp_code" value="333" kind="argument"/>
        <parameter name="data" value="{&quot;amount&quot;:3.333333333333333e+20,&quot;currency&quot;:&quot;RUB&quot;,&quot;order_id&quot;:&quot;testorder222&quot;,&quot;type_order&quot;:1,&quot;day&quot;:&quot;24-12-2021&quot;,&quot;buyer_first_name&quot;:&quot;rion&quot;,&quot;buyer_last_name&quot;:&quot;basov&quot;,&quot;comment&quot;:&quot;buy something&quot;,&quot;phone&quot;:89996651212,&quot;email&quot;:&quot;davert@codeception.com&quot;,&quot;notification&quot;:true,&quot;address&quot;:&quot;Lativa&quot;}" kind="argument"/>
      </parameters>
    </test-case>
    <test-case start="1611995230934" stop="1611995231186" status="failed">
      <name>ByPositiveTest with data set #4</name>
      <title><![CDATA[Test link title]]></title>
      <description type="text"><![CDATA[Test link test desc]]></description>
      <failure>
        <message>Operation status should be  0 for success.
Failed asserting that '222' matches expected 0.</message>
        <stack-trace>#0 /Users/garistov/PhpstormProjects/untitled1/vendor/phpunit/phpunit/src/Framework/Assert.php(2344): PHPUnit\Framework\Constraint\IsEqual-&gt;evaluate('222', 'Operation statu...')
#1 /Users/garistov/PhpstormProjects/untitled1/vendor/phpunit/phpunit/src/Framework/Assert.php(324): PHPUnit\Framework\Assert::assertThat('222', Object(PHPUnit\Framework\Constraint\IsEqual), 'Operation statu...')
#2 /Users/garistov/PhpstormProjects/untitled1/vendor/codeception/lib-asserts/src/Codeception/Util/Shared/InheritedAsserts.php(243): PHPUnit\Framework\Assert::assertEquals(0, '222', 'Operation statu...')
#3 /Users/garistov/PhpstormProjects/untitled1/tests/_support/Helper/Api.php(17): Codeception\Module-&gt;assertEquals(0, '222', 'Operation statu...')
#4 [internal function]: Helper\Api-&gt;checkOperationStatusSuccess(0)
#5 /Users/garistov/PhpstormProjects/untitled1/vendor/codeception/codeception/src/Codeception/Step.php(268): call_user_func_array(Array, Array)
#6 /Users/garistov/PhpstormProjects/untitled1/vendor/codeception/codeception/src/Codeception/Scenario.php(76): Codeception\Step-&gt;run(Object(Codeception\Lib\ModuleContainer))
#7 /Users/garistov/PhpstormProjects/untitled1/tests/_support/_generated/ApiTesterActions.php(1660): Codeception\Scenario-&gt;runStep(Object(Codeception\Step\Action))
#8 /Users/garistov/PhpstormProjects/untitled1/tests/api/UsersTestCest.php(76): ApiTester-&gt;checkOperationStatusSuccess(0)
#9 [internal function]: UsersTestCest-&gt;ByPositiveTest(Object(ApiTester), Object(Codeception\Example))
#10 /Users/garistov/PhpstormProjects/untitled1/vendor/codeception/codeception/src/Codeception/Lib/Di.php(128): ReflectionMethod-&gt;invokeArgs(Object(UsersTestCest), Array)
#11 /Users/garistov/PhpstormProjects/untitled1/vendor/codeception/codeception/src/Codeception/Test/Cest.php(138): Codeception\Lib\Di-&gt;injectDependencies(Object(UsersTestCest), 'ByPositiveTest', Array)
#12 /Users/garistov/PhpstormProjects/untitled1/vendor/codeception/codeception/src/Codeception/Test/Cest.php(147): Codeception\Test\Cest-&gt;invoke('ByPositiveTest', Array)
#13 /Users/garistov/PhpstormProjects/untitled1/vendor/codeception/codeception/src/Codeception/Test/Cest.php(82): Codeception\Test\Cest-&gt;executeTestMethod(Object(ApiTester))
#14 /Users/garistov/PhpstormProjects/untitled1/vendor/codeception/codeception/src/Codeception/Test/Test.php(98): Codeception\Test\Cest-&gt;test()
#15 /Users/garistov/PhpstormProjects/untitled1/vendor/phpunit/phpunit/src/Framework/TestSuite.php(677): Codeception\Test\Test-&gt;run(Object(PHPUnit\Framework\TestResult))
#16 /Users/garistov/PhpstormProjects/untitled1/vendor/codeception/phpunit-wrapper/src/Runner.php(117): PHPUnit\Framework\TestSuite-&gt;run(Object(PHPUnit\Framework\TestResult))
#17 /Users/garistov/PhpstormProjects/untitled1/vendor/codeception/codeception/src/Codeception/SuiteManager.php(161): Codeception\PHPUnit\Runner-&gt;doEnhancedRun(Object(Codeception\Suite), Object(PHPUnit\Framework\TestResult), Array)
#18 /Users/garistov/PhpstormProjects/untitled1/vendor/codeception/codeception/src/Codeception/Codecept.php(208): Codeception\SuiteManager-&gt;run(Object(Codeception\PHPUnit\Runner), Object(PHPUnit\Framework\TestResult), Array)
#19 /Users/garistov/PhpstormProjects/untitled1/vendor/codeception/codeception/src/Codeception/Codecept.php(162): Codeception\Codecept-&gt;runSuite(Array, 'api', NULL)
#20 /Users/garistov/PhpstormProjects/untitled1/vendor/codeception/codeception/src/Codeception/Command/Run.php(531): Codeception\Codecept-&gt;run('api')
#21 /Users/garistov/PhpstormProjects/untitled1/vendor/codeception/codeception/src/Codeception/Command/Run.php(407): Codeception\Command\Run-&gt;runSuites(Array, Array)
#22 /Users/garistov/PhpstormProjects/untitled1/vendor/symfony/console/Command/Command.php(256): Codeception\Command\Run-&gt;execute(Object(Symfony\Component\Console\Input\ArgvInput), Object(Symfony\Component\Console\Output\ConsoleOutput))
#23 /Users/garistov/PhpstormProjects/untitled1/vendor/symfony/console/Application.php(971): Symfony\Component\Console\Command\Command-&gt;run(Object(Symfony\Component\Console\Input\ArgvInput), Object(Symfony\Component\Console\Output\ConsoleOutput))
#24 /Users/garistov/PhpstormProjects/untitled1/vendor/symfony/console/Application.php(290): Symfony\Component\Console\Application-&gt;doRunCommand(Object(Codeception\Command\Run), Object(Symfony\Component\Console\Input\ArgvInput), Object(Symfony\Component\Console\Output\ConsoleOutput))
#25 /Users/garistov/PhpstormProjects/untitled1/vendor/symfony/console/Application.php(166): Symfony\Component\Console\Application-&gt;doRun(Object(Symfony\Component\Console\Input\ArgvInput), Object(Symfony\Component\Console\Output\ConsoleOutput))
#26 /Users/garistov/PhpstormProjects/untitled1/vendor/codeception/codeception/src/Codeception/Application.php(117): Symfony\Component\Console\Application-&gt;run(Object(Symfony\Component\Console\Input\ArgvInput), Object(Symfony\Component\Console\Output\ConsoleOutput))
#27 /Users/garistov/PhpstormProjects/untitled1/vendor/codeception/codeception/app.php(46): Codeception\Application-&gt;run()
#28 /Users/garistov/PhpstormProjects/untitled1/vendor/codeception/codeception/app.php(47): {closure}()
#29 /Users/garistov/PhpstormProjects/untitled1/vendor/codeception/codeception/codecept(7): require('/Users/garistov...')
#30 {main}</stack-trace>
      </failure>
      <steps>
        <step start="1611995230939" stop="1611995230939" status="passed">
          <name><![CDATA[have http header "secret","QWERTY000097531KEY"]]></name>
        </step>
        <step start="1611995230940" stop="1611995230940" status="passed">
          <name><![CDATA[have http header "Content-Type","application/json"]]></name>
        </step>
        <step start="1611995230940" stop="1611995231167" status="passed">
          <name><![CDATA[send post "/",{"amount":1111,"currency":"RUB","order_id":"testorder222","type_order":3,"day":"24-12-2021","buyer_first_name":"rion","buyer_last_name":"basov","comment":"buy something","phone":89996651212,"e...}]]></name>
        </step>
        <step start="1611995231167" stop="1611995231167" status="passed">
          <name><![CDATA[see response code is 200]]></name>
        </step>
        <step start="1611995231167" stop="1611995231167" status="passed">
          <name><![CDATA[see response is json ]]></name>
        </step>
        <step start="1611995231168" stop="1611995231175" status="failed">
          <name><![CDATA[check operation status success 0]]></name>
        </step>
      </steps>
      <attachments>
        <attachment title="body" source="83264b5a600f3ce1473c2fc4463ca2bbdddd03c9-attachment.txt" type="text/plain"/>
        <attachment title="html" source="83264b5a600f3ce1473c2fc4463ca2bbdddd03c9-attachment.txt" type="text/plain"/>
        <attachment title="response" source="83264b5a600f3ce1473c2fc4463ca2bbdddd03c9-attachment.txt" type="text/plain"/>
      </attachments>
      <labels>
        <label name="testMethod" value="ByPositiveTest"/>
        <label name="testClass" value="UsersTestCest"/>
        <label name="AS_ID" value="123"/>
        <label name="testId" value="23"/>
        <label name="feature" value="First Feature"/>
        <label name="story" value="First Story"/>
      </labels>
      <parameters>
        <parameter name="resp_code" value="0" kind="argument"/>
        <parameter name="data" value="{&quot;amount&quot;:1111,&quot;currency&quot;:&quot;RUB&quot;,&quot;order_id&quot;:&quot;testorder222&quot;,&quot;type_order&quot;:3,&quot;day&quot;:&quot;24-12-2021&quot;,&quot;buyer_first_name&quot;:&quot;rion&quot;,&quot;buyer_last_name&quot;:&quot;basov&quot;,&quot;comment&quot;:&quot;buy something&quot;,&quot;phone&quot;:89996651212,&quot;email&quot;:&quot;davert@codeception.com&quot;,&quot;notification&quot;:true}" kind="argument"/>
      </parameters>
    </test-case>
    <test-case start="1611995231187" stop="1611995231426" status="failed">
      <name>CheckRequiredFields with data set #0</name>
      <title><![CDATA[Test link title]]></title>
      <description type="text"><![CDATA[Test link test desc]]></description>
      <failure>
        <message>Example absent_field doesn't exist</message>
        <stack-trace>#0 /Users/garistov/PhpstormProjects/untitled1/tests/api/UsersTestCest.php(115): Codeception\Example-&gt;offsetGet('absent_field')
#1 [internal function]: UsersTestCest-&gt;CheckRequiredFields(Object(ApiTester), Object(Codeception\Example))
#2 /Users/garistov/PhpstormProjects/untitled1/vendor/codeception/codeception/src/Codeception/Lib/Di.php(128): ReflectionMethod-&gt;invokeArgs(Object(UsersTestCest), Array)
#3 /Users/garistov/PhpstormProjects/untitled1/vendor/codeception/codeception/src/Codeception/Test/Cest.php(138): Codeception\Lib\Di-&gt;injectDependencies(Object(UsersTestCest), 'CheckRequiredFi...', Array)
#4 /Users/garistov/PhpstormProjects/untitled1/vendor/codeception/codeception/src/Codeception/Test/Cest.php(147): Codeception\Test\Cest-&gt;invoke('CheckRequiredFi...', Array)
#5 /Users/garistov/PhpstormProjects/untitled1/vendor/codeception/codeception/src/Codeception/Test/Cest.php(82): Codeception\Test\Cest-&gt;executeTestMethod(Object(ApiTester))
#6 /Users/garistov/PhpstormProjects/untitled1/vendor/codeception/codeception/src/Codeception/Test/Test.php(98): Codeception\Test\Cest-&gt;test()
#7 /Users/garistov/PhpstormProjects/untitled1/vendor/phpunit/phpunit/src/Framework/TestSuite.php(677): Codeception\Test\Test-&gt;run(Object(PHPUnit\Framework\TestResult))
#8 /Users/garistov/PhpstormProjects/untitled1/vendor/codeception/phpunit-wrapper/src/Runner.php(117): PHPUnit\Framework\TestSuite-&gt;run(Object(PHPUnit\Framework\TestResult))
#9 /Users/garistov/PhpstormProjects/untitled1/vendor/codeception/codeception/src/Codeception/SuiteManager.php(161): Codeception\PHPUnit\Runner-&gt;doEnhancedRun(Object(Codeception\Suite), Object(PHPUnit\Framework\TestResult), Array)
#10 /Users/garistov/PhpstormProjects/untitled1/vendor/codeception/codeception/src/Codeception/Codecept.php(208): Codeception\SuiteManager-&gt;run(Object(Codeception\PHPUnit\Runner), Object(PHPUnit\Framework\TestResult), Array)
#11 /Users/garistov/PhpstormProjects/untitled1/vendor/codeception/codeception/src/Codeception/Codecept.php(162): Codeception\Codecept-&gt;runSuite(Array, 'api', NULL)
#12 /Users/garistov/PhpstormProjects/untitled1/vendor/codeception/codeception/src/Codeception/Command/Run.php(531): Codeception\Codecept-&gt;run('api')
#13 /Users/garistov/PhpstormProjects/untitled1/vendor/codeception/codeception/src/Codeception/Command/Run.php(407): Codeception\Command\Run-&gt;runSuites(Array, Array)
#14 /Users/garistov/PhpstormProjects/untitled1/vendor/symfony/console/Command/Command.php(256): Codeception\Command\Run-&gt;execute(Object(Symfony\Component\Console\Input\ArgvInput), Object(Symfony\Component\Console\Output\ConsoleOutput))
#15 /Users/garistov/PhpstormProjects/untitled1/vendor/symfony/console/Application.php(971): Symfony\Component\Console\Command\Command-&gt;run(Object(Symfony\Component\Console\Input\ArgvInput), Object(Symfony\Component\Console\Output\ConsoleOutput))
#16 /Users/garistov/PhpstormProjects/untitled1/vendor/symfony/console/Application.php(290): Symfony\Component\Console\Application-&gt;doRunCommand(Object(Codeception\Command\Run), Object(Symfony\Component\Console\Input\ArgvInput), Object(Symfony\Component\Console\Output\ConsoleOutput))
#17 /Users/garistov/PhpstormProjects/untitled1/vendor/symfony/console/Application.php(166): Symfony\Component\Console\Application-&gt;doRun(Object(Symfony\Component\Console\Input\ArgvInput), Object(Symfony\Component\Console\Output\ConsoleOutput))
#18 /Users/garistov/PhpstormProjects/untitled1/vendor/codeception/codeception/src/Codeception/Application.php(117): Symfony\Component\Console\Application-&gt;run(Object(Symfony\Component\Console\Input\ArgvInput), Object(Symfony\Component\Console\Output\ConsoleOutput))
#19 /Users/garistov/PhpstormProjects/untitled1/vendor/codeception/codeception/app.php(46): Codeception\Application-&gt;run()
#20 /Users/garistov/PhpstormProjects/untitled1/vendor/codeception/codeception/app.php(47): {closure}()
#21 /Users/garistov/PhpstormProjects/untitled1/vendor/codeception/codeception/codecept(7): require('/Users/garistov...')
#22 {main}</stack-trace>
      </failure>
      <steps>
        <step start="1611995231197" stop="1611995231197" status="passed">
          <name><![CDATA[have http header "secret","QWERTY000097531KEY"]]></name>
        </step>
        <step start="1611995231197" stop="1611995231197" status="passed">
          <name><![CDATA[have http header "Content-Type","application/json"]]></name>
        </step>
        <step start="1611995231197" stop="1611995231417" status="passed">
          <name><![CDATA[send post "/",{"amount":333,"currency":"RUB","order_id":"testorder222","type_order":1,"day":"24-12-2021","buyer_first_name":"rion","buyer_last_name":"basov","comment":"buy something","email":"davert@codecep...}]]></name>
        </step>
        <step start="1611995231418" stop="1611995231418" status="passed">
          <name><![CDATA[see response code is 200]]></name>
        </step>
        <step start="1611995231418" stop="1611995231418" status="passed">
          <name><![CDATA[see response is json ]]></name>
        </step>
        <step start="1611995231418" stop="1611995231418" status="passed">
          <name><![CDATA[check operation status success 222]]></name>
        </step>
      </steps>
      <attachments>
        <attachment title="body" source="41e5f9002e2cd76cd8bdd3fe4c2c7b85bbaae08a-attachment.txt" type="text/plain"/>
        <attachment title="html" source="41e5f9002e2cd76cd8bdd3fe4c2c7b85bbaae08a-attachment.txt" type="text/plain"/>
        <attachment title="response" source="41e5f9002e2cd76cd8bdd3fe4c2c7b85bbaae08a-attachment.txt" type="text/plain"/>
      </attachments>
      <labels>
        <label name="testMethod" value="CheckRequiredFields"/>
        <label name="testClass" value="UsersTestCest"/>
        <label name="AS_ID" value="123"/>
        <label name="testId" value="23"/>
        <label name="feature" value="First Feature"/>
        <label name="story" value="First Story"/>
      </labels>
      <parameters>
        <parameter name="resp_code" value="222" kind="argument"/>
        <parameter name="absent_fields" value="[&quot;address&quot;,&quot;phone&quot;]" kind="argument"/>
        <parameter name="data" value="{&quot;amount&quot;:333,&quot;currency&quot;:&quot;RUB&quot;,&quot;order_id&quot;:&quot;testorder222&quot;,&quot;type_order&quot;:1,&quot;day&quot;:&quot;24-12-2021&quot;,&quot;buyer_first_name&quot;:&quot;rion&quot;,&quot;buyer_last_name&quot;:&quot;basov&quot;,&quot;comment&quot;:&quot;buy something&quot;,&quot;email&quot;:&quot;davert@codeception.com&quot;,&quot;notification&quot;:true}" kind="argument"/>
      </parameters>
    </test-case>
    <test-case start="1611995231426" stop="1611995231659" status="failed">
      <name>CheckRequiredFields with data set #1</name>
      <title><![CDATA[Test link title]]></title>
      <description type="text"><![CDATA[Test link test desc]]></description>
      <failure>
        <message>Example absent_field doesn't exist</message>
        <stack-trace>#0 /Users/garistov/PhpstormProjects/untitled1/tests/api/UsersTestCest.php(115): Codeception\Example-&gt;offsetGet('absent_field')
#1 [internal function]: UsersTestCest-&gt;CheckRequiredFields(Object(ApiTester), Object(Codeception\Example))
#2 /Users/garistov/PhpstormProjects/untitled1/vendor/codeception/codeception/src/Codeception/Lib/Di.php(128): ReflectionMethod-&gt;invokeArgs(Object(UsersTestCest), Array)
#3 /Users/garistov/PhpstormProjects/untitled1/vendor/codeception/codeception/src/Codeception/Test/Cest.php(138): Codeception\Lib\Di-&gt;injectDependencies(Object(UsersTestCest), 'CheckRequiredFi...', Array)
#4 /Users/garistov/PhpstormProjects/untitled1/vendor/codeception/codeception/src/Codeception/Test/Cest.php(147): Codeception\Test\Cest-&gt;invoke('CheckRequiredFi...', Array)
#5 /Users/garistov/PhpstormProjects/untitled1/vendor/codeception/codeception/src/Codeception/Test/Cest.php(82): Codeception\Test\Cest-&gt;executeTestMethod(Object(ApiTester))
#6 /Users/garistov/PhpstormProjects/untitled1/vendor/codeception/codeception/src/Codeception/Test/Test.php(98): Codeception\Test\Cest-&gt;test()
#7 /Users/garistov/PhpstormProjects/untitled1/vendor/phpunit/phpunit/src/Framework/TestSuite.php(677): Codeception\Test\Test-&gt;run(Object(PHPUnit\Framework\TestResult))
#8 /Users/garistov/PhpstormProjects/untitled1/vendor/codeception/phpunit-wrapper/src/Runner.php(117): PHPUnit\Framework\TestSuite-&gt;run(Object(PHPUnit\Framework\TestResult))
#9 /Users/garistov/PhpstormProjects/untitled1/vendor/codeception/codeception/src/Codeception/SuiteManager.php(161): Codeception\PHPUnit\Runner-&gt;doEnhancedRun(Object(Codeception\Suite), Object(PHPUnit\Framework\TestResult), Array)
#10 /Users/garistov/PhpstormProjects/untitled1/vendor/codeception/codeception/src/Codeception/Codecept.php(208): Codeception\SuiteManager-&gt;run(Object(Codeception\PHPUnit\Runner), Object(PHPUnit\Framework\TestResult), Array)
#11 /Users/garistov/PhpstormProjects/untitled1/vendor/codeception/codeception/src/Codeception/Codecept.php(162): Codeception\Codecept-&gt;runSuite(Array, 'api', NULL)
#12 /Users/garistov/PhpstormProjects/untitled1/vendor/codeception/codeception/src/Codeception/Command/Run.php(531): Codeception\Codecept-&gt;run('api')
#13 /Users/garistov/PhpstormProjects/untitled1/vendor/codeception/codeception/src/Codeception/Command/Run.php(407): Codeception\Command\Run-&gt;runSuites(Array, Array)
#14 /Users/garistov/PhpstormProjects/untitled1/vendor/symfony/console/Command/Command.php(256): Codeception\Command\Run-&gt;execute(Object(Symfony\Component\Console\Input\ArgvInput), Object(Symfony\Component\Console\Output\ConsoleOutput))
#15 /Users/garistov/PhpstormProjects/untitled1/vendor/symfony/console/Application.php(971): Symfony\Component\Console\Command\Command-&gt;run(Object(Symfony\Component\Console\Input\ArgvInput), Object(Symfony\Component\Console\Output\ConsoleOutput))
#16 /Users/garistov/PhpstormProjects/untitled1/vendor/symfony/console/Application.php(290): Symfony\Component\Console\Application-&gt;doRunCommand(Object(Codeception\Command\Run), Object(Symfony\Component\Console\Input\ArgvInput), Object(Symfony\Component\Console\Output\ConsoleOutput))
#17 /Users/garistov/PhpstormProjects/untitled1/vendor/symfony/console/Application.php(166): Symfony\Component\Console\Application-&gt;doRun(Object(Symfony\Component\Console\Input\ArgvInput), Object(Symfony\Component\Console\Output\ConsoleOutput))
#18 /Users/garistov/PhpstormProjects/untitled1/vendor/codeception/codeception/src/Codeception/Application.php(117): Symfony\Component\Console\Application-&gt;run(Object(Symfony\Component\Console\Input\ArgvInput), Object(Symfony\Component\Console\Output\ConsoleOutput))
#19 /Users/garistov/PhpstormProjects/untitled1/vendor/codeception/codeception/app.php(46): Codeception\Application-&gt;run()
#20 /Users/garistov/PhpstormProjects/untitled1/vendor/codeception/codeception/app.php(47): {closure}()
#21 /Users/garistov/PhpstormProjects/untitled1/vendor/codeception/codeception/codecept(7): require('/Users/garistov...')
#22 {main}</stack-trace>
      </failure>
      <steps>
        <step start="1611995231431" stop="1611995231431" status="passed">
          <name><![CDATA[have http header "secret","QWERTY000097531KEY"]]></name>
        </step>
        <step start="1611995231431" stop="1611995231431" status="passed">
          <name><![CDATA[have http header "Content-Type","application/json"]]></name>
        </step>
        <step start="1611995231431" stop="1611995231647" status="passed">
          <name><![CDATA[send post "/",{"amount":333,"currency":"RUB","order_id":"testorder222","day":"24-12-2021","buyer_first_name":"rion","buyer_last_name":"basov","comment":"buy something","email":"davert@codeception.com","noti...}]]></name>
        </step>
        <step start="1611995231647" stop="1611995231647" status="passed">
          <name><![CDATA[see response code is 200]]></name>
        </step>
        <step start="1611995231648" stop="1611995231648" status="passed">
          <name><![CDATA[see response is json ]]></name>
        </step>
        <step start="1611995231648" stop="1611995231648" status="passed">
          <name><![CDATA[check operation status success 222]]></name>
        </step>
      </steps>
      <attachments>
        <attachment title="body" source="95368ee1d023782a4d30191a98eaa4bbf07b574a-attachment.txt" type="text/plain"/>
        <attachment title="html" source="95368ee1d023782a4d30191a98eaa4bbf07b574a-attachment.txt" type="text/plain"/>
        <attachment title="response" source="95368ee1d023782a4d30191a98eaa4bbf07b574a-attachment.txt" type="text/plain"/>
      </attachments>
      <labels>
        <label name="testMethod" value="CheckRequiredFields"/>
        <label name="testClass" value="UsersTestCest"/>
        <label name="AS_ID" value="123"/>
        <label name="testId" value="23"/>
        <label name="feature" value="First Feature"/>
        <label name="story" value="First Story"/>
      </labels>
      <parameters>
        <parameter name="resp_code" value="222" kind="argument"/>
        <parameter name="absent_fields" value="[&quot;address&quot;,&quot;phone&quot;,&quot;type_order&quot;]" kind="argument"/>
        <parameter name="data" value="{&quot;amount&quot;:333,&quot;currency&quot;:&quot;RUB&quot;,&quot;order_id&quot;:&quot;testorder222&quot;,&quot;day&quot;:&quot;24-12-2021&quot;,&quot;buyer_first_name&quot;:&quot;rion&quot;,&quot;buyer_last_name&quot;:&quot;basov&quot;,&quot;comment&quot;:&quot;buy something&quot;,&quot;email&quot;:&quot;davert@codeception.com&quot;,&quot;notification&quot;:true}" kind="argument"/>
      </parameters>
    </test-case>
    <test-case start="1611995231660" stop="1611995231894" status="failed">
      <name>CheckRequiredFields with data set #2</name>
      <title><![CDATA[Test link title]]></title>
      <description type="text"><![CDATA[Test link test desc]]></description>
      <failure>
        <message>Example absent_field doesn't exist</message>
        <stack-trace>#0 /Users/garistov/PhpstormProjects/untitled1/tests/api/UsersTestCest.php(115): Codeception\Example-&gt;offsetGet('absent_field')
#1 [internal function]: UsersTestCest-&gt;CheckRequiredFields(Object(ApiTester), Object(Codeception\Example))
#2 /Users/garistov/PhpstormProjects/untitled1/vendor/codeception/codeception/src/Codeception/Lib/Di.php(128): ReflectionMethod-&gt;invokeArgs(Object(UsersTestCest), Array)
#3 /Users/garistov/PhpstormProjects/untitled1/vendor/codeception/codeception/src/Codeception/Test/Cest.php(138): Codeception\Lib\Di-&gt;injectDependencies(Object(UsersTestCest), 'CheckRequiredFi...', Array)
#4 /Users/garistov/PhpstormProjects/untitled1/vendor/codeception/codeception/src/Codeception/Test/Cest.php(147): Codeception\Test\Cest-&gt;invoke('CheckRequiredFi...', Array)
#5 /Users/garistov/PhpstormProjects/untitled1/vendor/codeception/codeception/src/Codeception/Test/Cest.php(82): Codeception\Test\Cest-&gt;executeTestMethod(Object(ApiTester))
#6 /Users/garistov/PhpstormProjects/untitled1/vendor/codeception/codeception/src/Codeception/Test/Test.php(98): Codeception\Test\Cest-&gt;test()
#7 /Users/garistov/PhpstormProjects/untitled1/vendor/phpunit/phpunit/src/Framework/TestSuite.php(677): Codeception\Test\Test-&gt;run(Object(PHPUnit\Framework\TestResult))
#8 /Users/garistov/PhpstormProjects/untitled1/vendor/codeception/phpunit-wrapper/src/Runner.php(117): PHPUnit\Framework\TestSuite-&gt;run(Object(PHPUnit\Framework\TestResult))
#9 /Users/garistov/PhpstormProjects/untitled1/vendor/codeception/codeception/src/Codeception/SuiteManager.php(161): Codeception\PHPUnit\Runner-&gt;doEnhancedRun(Object(Codeception\Suite), Object(PHPUnit\Framework\TestResult), Array)
#10 /Users/garistov/PhpstormProjects/untitled1/vendor/codeception/codeception/src/Codeception/Codecept.php(208): Codeception\SuiteManager-&gt;run(Object(Codeception\PHPUnit\Runner), Object(PHPUnit\Framework\TestResult), Array)
#11 /Users/garistov/PhpstormProjects/untitled1/vendor/codeception/codeception/src/Codeception/Codecept.php(162): Codeception\Codecept-&gt;runSuite(Array, 'api', NULL)
#12 /Users/garistov/PhpstormProjects/untitled1/vendor/codeception/codeception/src/Codeception/Command/Run.php(531): Codeception\Codecept-&gt;run('api')
#13 /Users/garistov/PhpstormProjects/untitled1/vendor/codeception/codeception/src/Codeception/Command/Run.php(407): Codeception\Command\Run-&gt;runSuites(Array, Array)
#14 /Users/garistov/PhpstormProjects/untitled1/vendor/symfony/console/Command/Command.php(256): Codeception\Command\Run-&gt;execute(Object(Symfony\Component\Console\Input\ArgvInput), Object(Symfony\Component\Console\Output\ConsoleOutput))
#15 /Users/garistov/PhpstormProjects/untitled1/vendor/symfony/console/Application.php(971): Symfony\Component\Console\Command\Command-&gt;run(Object(Symfony\Component\Console\Input\ArgvInput), Object(Symfony\Component\Console\Output\ConsoleOutput))
#16 /Users/garistov/PhpstormProjects/untitled1/vendor/symfony/console/Application.php(290): Symfony\Component\Console\Application-&gt;doRunCommand(Object(Codeception\Command\Run), Object(Symfony\Component\Console\Input\ArgvInput), Object(Symfony\Component\Console\Output\ConsoleOutput))
#17 /Users/garistov/PhpstormProjects/untitled1/vendor/symfony/console/Application.php(166): Symfony\Component\Console\Application-&gt;doRun(Object(Symfony\Component\Console\Input\ArgvInput), Object(Symfony\Component\Console\Output\ConsoleOutput))
#18 /Users/garistov/PhpstormProjects/untitled1/vendor/codeception/codeception/src/Codeception/Application.php(117): Symfony\Component\Console\Application-&gt;run(Object(Symfony\Component\Console\Input\ArgvInput), Object(Symfony\Component\Console\Output\ConsoleOutput))
#19 /Users/garistov/PhpstormProjects/untitled1/vendor/codeception/codeception/app.php(46): Codeception\Application-&gt;run()
#20 /Users/garistov/PhpstormProjects/untitled1/vendor/codeception/codeception/app.php(47): {closure}()
#21 /Users/garistov/PhpstormProjects/untitled1/vendor/codeception/codeception/codecept(7): require('/Users/garistov...')
#22 {main}</stack-trace>
      </failure>
      <steps>
        <step start="1611995231666" stop="1611995231666" status="passed">
          <name><![CDATA[have http header "secret","QWERTY000097531KEY"]]></name>
        </step>
        <step start="1611995231666" stop="1611995231666" status="passed">
          <name><![CDATA[have http header "Content-Type","application/json"]]></name>
        </step>
        <step start="1611995231666" stop="1611995231886" status="passed">
          <name><![CDATA[send post "/",[]]]></name>
        </step>
        <step start="1611995231886" stop="1611995231886" status="passed">
          <name><![CDATA[see response code is 200]]></name>
        </step>
        <step start="1611995231886" stop="1611995231886" status="passed">
          <name><![CDATA[see response is json ]]></name>
        </step>
        <step start="1611995231886" stop="1611995231886" status="passed">
          <name><![CDATA[check operation status success 222]]></name>
        </step>
      </steps>
      <attachments>
        <attachment title="body" source="e37fb19fb1a178324667ed3faed4038a59d3d68c-attachment.txt" type="text/plain"/>
        <attachment title="html" source="e37fb19fb1a178324667ed3faed4038a59d3d68c-attachment.txt" type="text/plain"/>
        <attachment title="response" source="e37fb19fb1a178324667ed3faed4038a59d3d68c-attachment.txt" type="text/plain"/>
      </attachments>
      <labels>
        <label name="testMethod" value="CheckRequiredFields"/>
        <label name="testClass" value="UsersTestCest"/>
        <label name="AS_ID" value="123"/>
        <label name="testId" value="23"/>
        <label name="feature" value="First Feature"/>
        <label name="story" value="First Story"/>
      </labels>
      <parameters>
        <parameter name="resp_code" value="222" kind="argument"/>
        <parameter name="absent_fields" value="[&quot;address&quot;,&quot;phone&quot;,&quot;type_order&quot;,&quot;amount&quot;,&quot;currency&quot;,&quot;order_id&quot;,&quot;day&quot;,&quot;buyer_first_name&quot;]" kind="argument"/>
        <parameter name="data" value="[]" kind="argument"/>
      </parameters>
    </test-case>
  </test-cases>
</alr:test-suite>
